
*** Running vivado
    with args -log microblaze_v_preset_microblaze_riscv_0_2.vds -m64 -product Vivado -mode batch -messageDb vivado.pb -notrace -source microblaze_v_preset_microblaze_riscv_0_2.tcl


****** Vivado v2024.2 (64-bit)
  **** SW Build 5239630 on Fri Nov 08 22:34:34 MST 2024
  **** IP Build 5239520 on Sun Nov 10 16:12:51 MST 2024
  **** SharedData Build 5239561 on Fri Nov 08 14:39:27 MST 2024
  **** Start of session at: Fri May 23 16:05:29 2025
    ** Copyright 1986-2022 Xilinx, Inc. All Rights Reserved.
    ** Copyright 2022-2024 Advanced Micro Devices, Inc. All Rights Reserved.

source microblaze_v_preset_microblaze_riscv_0_2.tcl -notrace
INFO: [Common 17-1565] set_msg_config should not be used to change the severity of DRC/METHODOLOGY checks. Please use the 'set_property SEVERITY <NEW_SEVERITY> [get_<drc|methodology>_checks <ID>]' command instead.
INFO: [IP_Flow 19-6924] IPCACHE: Running cache check for IP inst: microblaze_v_preset_microblaze_riscv_0_2
Command: synth_design -top microblaze_v_preset_microblaze_riscv_0_2 -part xc7a100tcsg324-1 -incremental_mode off -mode out_of_context
Starting synth_design
Attempting to get a license for feature 'Synthesis' and/or device 'xc7a100t'
INFO: [Common 17-349] Got license for feature 'Synthesis' and/or device 'xc7a100t'
INFO: [Device 21-403] Loading part xc7a100tcsg324-1
INFO: [Synth 8-7079] Multithreading enabled for synth_design using a maximum of 7 processes.
INFO: [Synth 8-7078] Launching helper process for spawning children vivado processes
INFO: [Synth 8-7075] Helper process launched with PID 849581
---------------------------------------------------------------------------------
Starting RTL Elaboration : Time (s): cpu = 00:00:04 ; elapsed = 00:00:05 . Memory (MB): peak = 1945.184 ; gain = 419.797 ; free physical = 5669 ; free virtual = 10681
---------------------------------------------------------------------------------
INFO: [Synth 8-638] synthesizing module 'microblaze_v_preset_microblaze_riscv_0_2' [/home/vid/Desktop/Projects/MicroBlaze-V_no_ram/MicroBlaze-V_no_ram.gen/sources_1/bd/microblaze_v_preset/ip/microblaze_v_preset_microblaze_riscv_0_2/synth/microblaze_v_preset_microblaze_riscv_0_2.vhd:135]
	Parameter C_FREQ bound to: 80000000 - type: integer 
	Parameter C_USE_CONFIG_RESET bound to: 0 - type: integer 
	Parameter C_NUM_SYNC_FF_CLK bound to: 2 - type: integer 
	Parameter C_NUM_SYNC_FF_CLK_IRQ bound to: 1 - type: integer 
	Parameter C_NUM_SYNC_FF_CLK_DEBUG bound to: 2 - type: integer 
	Parameter C_NUM_SYNC_FF_DBG_CLK bound to: 1 - type: integer 
	Parameter C_NUM_SYNC_FF_DBG_TRACE_CLK bound to: 2 - type: integer 
	Parameter C_FAULT_TOLERANT bound to: 0 - type: integer 
	Parameter C_ECC_USE_CE_EXCEPTION bound to: 0 - type: integer 
	Parameter C_LOCKSTEP_SLAVE bound to: 0 - type: integer 
	Parameter C_LOCKSTEP_MASTER bound to: 0 - type: integer 
	Parameter C_TEMPORAL_DEPTH bound to: 0 - type: integer 
	Parameter C_FAMILY bound to: artix7 - type: string 
	Parameter C_PART bound to: xc7a100tcsg324-1 - type: string 
	Parameter C_DATA_SIZE bound to: 32 - type: integer 
	Parameter C_LMB_DATA_SIZE bound to: 32 - type: integer 
	Parameter C_INSTR_SIZE bound to: 32 - type: integer 
	Parameter C_IADDR_SIZE bound to: 32 - type: integer 
	Parameter C_PIADDR_SIZE bound to: 32 - type: integer 
	Parameter C_DADDR_SIZE bound to: 32 - type: integer 
	Parameter C_PDADDR_SIZE bound to: 32 - type: integer 
	Parameter C_INSTANCE bound to: microblaze_v_preset_microblaze_riscv_0_2 - type: string 
	Parameter C_AVOID_PRIMITIVES bound to: 0 - type: integer 
	Parameter C_OPTIMIZATION bound to: 0 - type: integer 
	Parameter C_INTERCONNECT bound to: 2 - type: integer 
	Parameter C_BASE_VECTORS bound to: 64'b0000000000000000000000000000000000000000000000000000000000000000 
	Parameter C_ARCHID bound to: 64'b0000000000000000000000000000000000000000000000000000000000000001 
	Parameter C_IMPID bound to: 64'b0000000000000000000000000000000000000000000000000000000000000001 
	Parameter C_HARTID bound to: 64'b0000000000000000000000000000000000000000000000000000000000000000 
	Parameter C_M_AXI_DP_THREAD_ID_WIDTH bound to: 1 - type: integer 
	Parameter C_M_AXI_DP_DATA_WIDTH bound to: 32 - type: integer 
	Parameter C_M_AXI_DP_ADDR_WIDTH bound to: 32 - type: integer 
	Parameter C_M_AXI_DP_EXCLUSIVE_ACCESS bound to: 0 - type: integer 
	Parameter C_M_AXI_D_BUS_EXCEPTION bound to: 1 - type: integer 
	Parameter C_M_AXI_IP_THREAD_ID_WIDTH bound to: 1 - type: integer 
	Parameter C_M_AXI_IP_DATA_WIDTH bound to: 32 - type: integer 
	Parameter C_M_AXI_IP_ADDR_WIDTH bound to: 32 - type: integer 
	Parameter C_M_AXI_I_BUS_EXCEPTION bound to: 1 - type: integer 
	Parameter C_D_LMB bound to: 1 - type: integer 
	Parameter C_D_LMB_PROTOCOL bound to: 0 - type: integer 
	Parameter C_D_AXI bound to: 1 - type: integer 
	Parameter C_I_LMB bound to: 1 - type: integer 
	Parameter C_I_LMB_PROTOCOL bound to: 0 - type: integer 
	Parameter C_I_AXI bound to: 1 - type: integer 
	Parameter C_S_AXI bound to: 0 - type: integer 
	Parameter C_USE_MULDIV bound to: 1 - type: integer 
	Parameter C_USE_ATOMIC bound to: 1 - type: integer 
	Parameter C_USE_FPU bound to: 0 - type: integer 
	Parameter C_USE_COMPRESSION bound to: 1 - type: integer 
	Parameter C_USE_BITMAN bound to: 0 - type: integer 
	Parameter C_FSL_LINKS bound to: 0 - type: integer 
	Parameter C_USE_EXTENDED_FSL_INSTR bound to: 0 - type: integer 
	Parameter C_MMU_PRIVILEGED_INSTR bound to: 0 - type: integer 
	Parameter C_FSL_EXCEPTION bound to: 0 - type: integer 
	Parameter C_IMPRECISE_EXCEPTIONS bound to: 0 - type: integer 
	Parameter C_MISALIGNED_EXCEPTIONS bound to: 1 - type: integer 
	Parameter C_ILL_INSTR_EXCEPTION bound to: 1 - type: integer 
	Parameter C_PMP_ENTRIES bound to: 6 - type: integer 
	Parameter C_PMP_GRANULARITY bound to: 2 - type: integer 
	Parameter C_USE_INTERRUPT bound to: 2 - type: integer 
	Parameter C_USE_NON_SECURE bound to: 0 - type: integer 
	Parameter C_USE_EXT_BRK bound to: 0 - type: integer 
	Parameter C_USE_EXT_NM_BRK bound to: 0 - type: integer 
	Parameter C_USE_SLEEP bound to: 0 - type: integer 
	Parameter C_USE_MMU bound to: 1 - type: integer 
	Parameter C_USE_BARREL bound to: 1 - type: integer 
	Parameter C_USE_COUNTERS bound to: 1 - type: integer 
	Parameter C_USE_BRANCH_TARGET_CACHE bound to: 0 - type: integer 
	Parameter C_BRANCH_TARGET_CACHE_SIZE bound to: 0 - type: integer 
	Parameter C_PC_WIDTH bound to: 17 - type: integer 
	Parameter C_DEBUG_ENABLED bound to: 1 - type: integer 
	Parameter C_DEBUG_INTERFACE bound to: 0 - type: integer 
	Parameter C_NUMBER_OF_PC_BRK bound to: 2 - type: integer 
	Parameter C_NUMBER_OF_RD_ADDR_BRK bound to: 0 - type: integer 
	Parameter C_NUMBER_OF_WR_ADDR_BRK bound to: 0 - type: integer 
	Parameter C_DEBUG_EVENT_COUNTERS bound to: 0 - type: integer 
	Parameter C_DEBUG_LATENCY_COUNTERS bound to: 0 - type: integer 
	Parameter C_DEBUG_COUNTER_WIDTH bound to: 64 - type: integer 
	Parameter C_DEBUG_TRACE_SIZE bound to: 0 - type: integer 
	Parameter C_DEBUG_EXTERNAL_TRACE bound to: 0 - type: integer 
	Parameter C_DEBUG_TRACE_ASYNC_RESET bound to: 0 - type: integer 
	Parameter C_DEBUG_PROFILE_SIZE bound to: 0 - type: integer 
	Parameter C_INTERRUPT_IS_EDGE bound to: 0 - type: integer 
	Parameter C_EDGE_IS_POSITIVE bound to: 1 - type: integer 
	Parameter C_ASYNC_INTERRUPT bound to: 1 - type: integer 
	Parameter C_ASYNC_WAKEUP bound to: 3 - type: integer 
	Parameter C_M0_AXIS_DATA_WIDTH bound to: 32 - type: integer 
	Parameter C_S0_AXIS_DATA_WIDTH bound to: 32 - type: integer 
	Parameter C_M1_AXIS_DATA_WIDTH bound to: 32 - type: integer 
	Parameter C_S1_AXIS_DATA_WIDTH bound to: 32 - type: integer 
	Parameter C_M2_AXIS_DATA_WIDTH bound to: 32 - type: integer 
	Parameter C_S2_AXIS_DATA_WIDTH bound to: 32 - type: integer 
	Parameter C_M3_AXIS_DATA_WIDTH bound to: 32 - type: integer 
	Parameter C_S3_AXIS_DATA_WIDTH bound to: 32 - type: integer 
	Parameter C_M4_AXIS_DATA_WIDTH bound to: 32 - type: integer 
	Parameter C_S4_AXIS_DATA_WIDTH bound to: 32 - type: integer 
	Parameter C_M5_AXIS_DATA_WIDTH bound to: 32 - type: integer 
	Parameter C_S5_AXIS_DATA_WIDTH bound to: 32 - type: integer 
	Parameter C_M6_AXIS_DATA_WIDTH bound to: 32 - type: integer 
	Parameter C_S6_AXIS_DATA_WIDTH bound to: 32 - type: integer 
	Parameter C_M7_AXIS_DATA_WIDTH bound to: 32 - type: integer 
	Parameter C_S7_AXIS_DATA_WIDTH bound to: 32 - type: integer 
	Parameter C_M8_AXIS_DATA_WIDTH bound to: 32 - type: integer 
	Parameter C_S8_AXIS_DATA_WIDTH bound to: 32 - type: integer 
	Parameter C_M9_AXIS_DATA_WIDTH bound to: 32 - type: integer 
	Parameter C_S9_AXIS_DATA_WIDTH bound to: 32 - type: integer 
	Parameter C_M10_AXIS_DATA_WIDTH bound to: 32 - type: integer 
	Parameter C_S10_AXIS_DATA_WIDTH bound to: 32 - type: integer 
	Parameter C_M11_AXIS_DATA_WIDTH bound to: 32 - type: integer 
	Parameter C_S11_AXIS_DATA_WIDTH bound to: 32 - type: integer 
	Parameter C_M12_AXIS_DATA_WIDTH bound to: 32 - type: integer 
	Parameter C_S12_AXIS_DATA_WIDTH bound to: 32 - type: integer 
	Parameter C_M13_AXIS_DATA_WIDTH bound to: 32 - type: integer 
	Parameter C_S13_AXIS_DATA_WIDTH bound to: 32 - type: integer 
	Parameter C_M14_AXIS_DATA_WIDTH bound to: 32 - type: integer 
	Parameter C_S14_AXIS_DATA_WIDTH bound to: 32 - type: integer 
	Parameter C_M15_AXIS_DATA_WIDTH bound to: 32 - type: integer 
	Parameter C_S15_AXIS_DATA_WIDTH bound to: 32 - type: integer 
	Parameter C_ICACHE_BASEADDR bound to: 64'b0000000000000000000000000000000000000000000000000000000000000000 
	Parameter C_ICACHE_HIGHADDR bound to: 64'b0000000000000000000000000000000000111111111111111111111111111111 
	Parameter C_USE_ICACHE bound to: 0 - type: integer 
	Parameter C_ICACHE_BYTE_SIZE bound to: 8192 - type: integer 
	Parameter C_ICACHE_LINE_LEN bound to: 4 - type: integer 
	Parameter C_ICACHE_STREAMS bound to: 0 - type: integer 
	Parameter C_ICACHE_VICTIMS bound to: 0 - type: integer 
	Parameter C_ICACHE_FORCE_TAG_LUTRAM bound to: 0 - type: integer 
	Parameter C_ICACHE_DATA_WIDTH bound to: 0 - type: integer 
	Parameter C_M_AXI_IC_THREAD_ID_WIDTH bound to: 1 - type: integer 
	Parameter C_M_AXI_IC_DATA_WIDTH bound to: 32 - type: integer 
	Parameter C_M_AXI_IC_ADDR_WIDTH bound to: 32 - type: integer 
	Parameter C_M_AXI_IC_USER_VALUE bound to: 31 - type: integer 
	Parameter C_M_AXI_IC_AWUSER_WIDTH bound to: 5 - type: integer 
	Parameter C_M_AXI_IC_ARUSER_WIDTH bound to: 5 - type: integer 
	Parameter C_M_AXI_IC_WUSER_WIDTH bound to: 1 - type: integer 
	Parameter C_M_AXI_IC_RUSER_WIDTH bound to: 1 - type: integer 
	Parameter C_M_AXI_IC_BUSER_WIDTH bound to: 1 - type: integer 
	Parameter C_DCACHE_BASEADDR bound to: 64'b0000000000000000000000000000000000000000000000000000000000000000 
	Parameter C_DCACHE_HIGHADDR bound to: 64'b0000000000000000000000000000000000111111111111111111111111111111 
	Parameter C_USE_DCACHE bound to: 0 - type: integer 
	Parameter C_DCACHE_BYTE_SIZE bound to: 8192 - type: integer 
	Parameter C_DCACHE_LINE_LEN bound to: 4 - type: integer 
	Parameter C_DCACHE_USE_WRITEBACK bound to: 1 - type: integer 
	Parameter C_DCACHE_VICTIMS bound to: 0 - type: integer 
	Parameter C_DCACHE_FORCE_TAG_LUTRAM bound to: 0 - type: integer 
	Parameter C_DCACHE_DATA_WIDTH bound to: 0 - type: integer 
	Parameter C_M_AXI_DC_THREAD_ID_WIDTH bound to: 1 - type: integer 
	Parameter C_M_AXI_DC_DATA_WIDTH bound to: 32 - type: integer 
	Parameter C_M_AXI_DC_ADDR_WIDTH bound to: 32 - type: integer 
	Parameter C_M_AXI_DC_EXCLUSIVE_ACCESS bound to: 0 - type: integer 
	Parameter C_M_AXI_DC_USER_VALUE bound to: 31 - type: integer 
	Parameter C_M_AXI_DC_AWUSER_WIDTH bound to: 5 - type: integer 
	Parameter C_M_AXI_DC_ARUSER_WIDTH bound to: 5 - type: integer 
	Parameter C_M_AXI_DC_WUSER_WIDTH bound to: 1 - type: integer 
	Parameter C_M_AXI_DC_RUSER_WIDTH bound to: 1 - type: integer 
	Parameter C_M_AXI_DC_BUSER_WIDTH bound to: 1 - type: integer 
INFO: [Synth 8-3491] module 'riscv' declared at '/home/vid/Desktop/Projects/MicroBlaze-V_no_ram/MicroBlaze-V_no_ram.gen/sources_1/bd/microblaze_v_preset/ipshared/f9dd/hdl/microblaze_riscv_v1_0_vh_rfs.vhd:128013' bound to instance 'U0' of component 'riscv' [/home/vid/Desktop/Projects/MicroBlaze-V_no_ram/MicroBlaze-V_no_ram.gen/sources_1/bd/microblaze_v_preset/ip/microblaze_v_preset_microblaze_riscv_0_2/synth/microblaze_v_preset_microblaze_riscv_0_2.vhd:870]
WARNING: [Synth 8-7129] Port pmp_update_x_access in module pmp_checker_core__parameterized1 is either unconnected or has no load
WARNING: [Synth 8-7129] Port UA_Write in module pmp_checker_core is either unconnected or has no load
WARNING: [Synth 8-7129] Port MPRV in module pmp_checker_core is either unconnected or has no load
WARNING: [Synth 8-7129] Port MPP[1] in module pmp_checker_core is either unconnected or has no load
WARNING: [Synth 8-7129] Port MPP[0] in module pmp_checker_core is either unconnected or has no load
WARNING: [Synth 8-7129] Port pmp_update_r_access in module pmp_checker_core is either unconnected or has no load
WARNING: [Synth 8-7129] Port pmp_update_w_access in module pmp_checker_core is either unconnected or has no load
WARNING: [Synth 8-7129] Port Config_Reset in module pmp_checker is either unconnected or has no load
WARNING: [Synth 8-7129] Port EX_Sel_CSR[fflags] in module pmp_checker is either unconnected or has no load
WARNING: [Synth 8-7129] Port EX_Sel_CSR[frm] in module pmp_checker is either unconnected or has no load
WARNING: [Synth 8-7129] Port EX_Sel_CSR[fcsr] in module pmp_checker is either unconnected or has no load
WARNING: [Synth 8-7129] Port EX_Sel_CSR[cycle] in module pmp_checker is either unconnected or has no load
WARNING: [Synth 8-7129] Port EX_Sel_CSR[instret] in module pmp_checker is either unconnected or has no load
WARNING: [Synth 8-7129] Port EX_Sel_CSR[cycleh] in module pmp_checker is either unconnected or has no load
WARNING: [Synth 8-7129] Port EX_Sel_CSR[instreth] in module pmp_checker is either unconnected or has no load
WARNING: [Synth 8-7129] Port EX_Sel_CSR[hpmcounter] in module pmp_checker is either unconnected or has no load
WARNING: [Synth 8-7129] Port EX_Sel_CSR[hpmcounterh] in module pmp_checker is either unconnected or has no load
WARNING: [Synth 8-7129] Port EX_Sel_CSR[stream] in module pmp_checker is either unconnected or has no load
WARNING: [Synth 8-7129] Port EX_Sel_CSR[mstatus] in module pmp_checker is either unconnected or has no load
WARNING: [Synth 8-7129] Port EX_Sel_CSR[misa] in module pmp_checker is either unconnected or has no load
WARNING: [Synth 8-7129] Port EX_Sel_CSR[mie] in module pmp_checker is either unconnected or has no load
WARNING: [Synth 8-7129] Port EX_Sel_CSR[mtvec] in module pmp_checker is either unconnected or has no load
WARNING: [Synth 8-7129] Port EX_Sel_CSR[mscratch] in module pmp_checker is either unconnected or has no load
WARNING: [Synth 8-7129] Port EX_Sel_CSR[mepc] in module pmp_checker is either unconnected or has no load
WARNING: [Synth 8-7129] Port EX_Sel_CSR[mcause] in module pmp_checker is either unconnected or has no load
WARNING: [Synth 8-7129] Port EX_Sel_CSR[mtval] in module pmp_checker is either unconnected or has no load
WARNING: [Synth 8-7129] Port EX_Sel_CSR[mip] in module pmp_checker is either unconnected or has no load
WARNING: [Synth 8-7129] Port EX_Sel_CSR[mvendorid] in module pmp_checker is either unconnected or has no load
WARNING: [Synth 8-7129] Port EX_Sel_CSR[marchid] in module pmp_checker is either unconnected or has no load
WARNING: [Synth 8-7129] Port EX_Sel_CSR[mimpid] in module pmp_checker is either unconnected or has no load
WARNING: [Synth 8-7129] Port EX_Sel_CSR[mhartid] in module pmp_checker is either unconnected or has no load
WARNING: [Synth 8-7129] Port EX_Sel_CSR[mstream] in module pmp_checker is either unconnected or has no load
WARNING: [Synth 8-7129] Port EX_Sel_CSR[mwfi] in module pmp_checker is either unconnected or has no load
WARNING: [Synth 8-7129] Port EX_Sel_CSR[medeleg] in module pmp_checker is either unconnected or has no load
WARNING: [Synth 8-7129] Port EX_Sel_CSR[mideleg] in module pmp_checker is either unconnected or has no load
WARNING: [Synth 8-7129] Port EX_Sel_CSR[menvcfg] in module pmp_checker is either unconnected or has no load
WARNING: [Synth 8-7129] Port EX_Sel_CSR[mcounteren] in module pmp_checker is either unconnected or has no load
WARNING: [Synth 8-7129] Port EX_Sel_CSR[mcountinhibit] in module pmp_checker is either unconnected or has no load
WARNING: [Synth 8-7129] Port EX_Sel_CSR[mcycle] in module pmp_checker is either unconnected or has no load
WARNING: [Synth 8-7129] Port EX_Sel_CSR[minstret] in module pmp_checker is either unconnected or has no load
WARNING: [Synth 8-7129] Port EX_Sel_CSR[mcycleh] in module pmp_checker is either unconnected or has no load
WARNING: [Synth 8-7129] Port EX_Sel_CSR[minstreth] in module pmp_checker is either unconnected or has no load
WARNING: [Synth 8-7129] Port EX_Sel_CSR[mhpmevent] in module pmp_checker is either unconnected or has no load
WARNING: [Synth 8-7129] Port EX_Sel_CSR[mhpmcounter] in module pmp_checker is either unconnected or has no load
WARNING: [Synth 8-7129] Port EX_Sel_CSR[mhpmcounterh] in module pmp_checker is either unconnected or has no load
WARNING: [Synth 8-7129] Port EX_Sel_CSR[dcsr] in module pmp_checker is either unconnected or has no load
WARNING: [Synth 8-7129] Port EX_Sel_CSR[dpc] in module pmp_checker is either unconnected or has no load
WARNING: [Synth 8-7129] Port EX_Sel_CSR[sstatus] in module pmp_checker is either unconnected or has no load
WARNING: [Synth 8-7129] Port EX_Sel_CSR[stvec] in module pmp_checker is either unconnected or has no load
WARNING: [Synth 8-7129] Port EX_Sel_CSR[sie] in module pmp_checker is either unconnected or has no load
WARNING: [Synth 8-7129] Port EX_Sel_CSR[sip] in module pmp_checker is either unconnected or has no load
WARNING: [Synth 8-7129] Port EX_Sel_CSR[sscratch] in module pmp_checker is either unconnected or has no load
WARNING: [Synth 8-7129] Port EX_Sel_CSR[sepc] in module pmp_checker is either unconnected or has no load
WARNING: [Synth 8-7129] Port EX_Sel_CSR[scause] in module pmp_checker is either unconnected or has no load
WARNING: [Synth 8-7129] Port EX_Sel_CSR[stval] in module pmp_checker is either unconnected or has no load
WARNING: [Synth 8-7129] Port EX_Sel_CSR[senvcfg] in module pmp_checker is either unconnected or has no load
WARNING: [Synth 8-7129] Port EX_Sel_CSR[satp] in module pmp_checker is either unconnected or has no load
WARNING: [Synth 8-7129] Port EX_Sel_CSR[scounteren] in module pmp_checker is either unconnected or has no load
WARNING: [Synth 8-7129] Port EX_Sel_CSR[tselect] in module pmp_checker is either unconnected or has no load
WARNING: [Synth 8-7129] Port EX_Sel_CSR[tdata1] in module pmp_checker is either unconnected or has no load
WARNING: [Synth 8-7129] Port EX_Sel_CSR[tdata2] in module pmp_checker is either unconnected or has no load
WARNING: [Synth 8-7129] Port EX_Sel_CSR[tdata3] in module pmp_checker is either unconnected or has no load
WARNING: [Synth 8-7129] Port EX_Sel_CSR[tinfo] in module pmp_checker is either unconnected or has no load
WARNING: [Synth 8-7129] Port EX_Sel_CSR[tcontrol] in module pmp_checker is either unconnected or has no load
WARNING: [Synth 8-7129] Port OF_Sel_CSR[fflags] in module pmp_checker is either unconnected or has no load
WARNING: [Synth 8-7129] Port OF_Sel_CSR[frm] in module pmp_checker is either unconnected or has no load
WARNING: [Synth 8-7129] Port OF_Sel_CSR[fcsr] in module pmp_checker is either unconnected or has no load
WARNING: [Synth 8-7129] Port OF_Sel_CSR[cycle] in module pmp_checker is either unconnected or has no load
WARNING: [Synth 8-7129] Port OF_Sel_CSR[instret] in module pmp_checker is either unconnected or has no load
WARNING: [Synth 8-7129] Port OF_Sel_CSR[cycleh] in module pmp_checker is either unconnected or has no load
WARNING: [Synth 8-7129] Port OF_Sel_CSR[instreth] in module pmp_checker is either unconnected or has no load
WARNING: [Synth 8-7129] Port OF_Sel_CSR[hpmcounter] in module pmp_checker is either unconnected or has no load
WARNING: [Synth 8-7129] Port OF_Sel_CSR[hpmcounterh] in module pmp_checker is either unconnected or has no load
WARNING: [Synth 8-7129] Port OF_Sel_CSR[stream] in module pmp_checker is either unconnected or has no load
WARNING: [Synth 8-7129] Port OF_Sel_CSR[mstatus] in module pmp_checker is either unconnected or has no load
WARNING: [Synth 8-7129] Port OF_Sel_CSR[misa] in module pmp_checker is either unconnected or has no load
WARNING: [Synth 8-7129] Port OF_Sel_CSR[mie] in module pmp_checker is either unconnected or has no load
WARNING: [Synth 8-7129] Port OF_Sel_CSR[mtvec] in module pmp_checker is either unconnected or has no load
WARNING: [Synth 8-7129] Port OF_Sel_CSR[mscratch] in module pmp_checker is either unconnected or has no load
WARNING: [Synth 8-7129] Port OF_Sel_CSR[mepc] in module pmp_checker is either unconnected or has no load
WARNING: [Synth 8-7129] Port OF_Sel_CSR[mcause] in module pmp_checker is either unconnected or has no load
WARNING: [Synth 8-7129] Port OF_Sel_CSR[mtval] in module pmp_checker is either unconnected or has no load
WARNING: [Synth 8-7129] Port OF_Sel_CSR[mip] in module pmp_checker is either unconnected or has no load
WARNING: [Synth 8-7129] Port OF_Sel_CSR[mvendorid] in module pmp_checker is either unconnected or has no load
WARNING: [Synth 8-7129] Port OF_Sel_CSR[marchid] in module pmp_checker is either unconnected or has no load
WARNING: [Synth 8-7129] Port OF_Sel_CSR[mimpid] in module pmp_checker is either unconnected or has no load
WARNING: [Synth 8-7129] Port OF_Sel_CSR[mhartid] in module pmp_checker is either unconnected or has no load
WARNING: [Synth 8-7129] Port OF_Sel_CSR[mstream] in module pmp_checker is either unconnected or has no load
WARNING: [Synth 8-7129] Port OF_Sel_CSR[mwfi] in module pmp_checker is either unconnected or has no load
WARNING: [Synth 8-7129] Port OF_Sel_CSR[medeleg] in module pmp_checker is either unconnected or has no load
WARNING: [Synth 8-7129] Port OF_Sel_CSR[mideleg] in module pmp_checker is either unconnected or has no load
WARNING: [Synth 8-7129] Port OF_Sel_CSR[menvcfg] in module pmp_checker is either unconnected or has no load
WARNING: [Synth 8-7129] Port OF_Sel_CSR[mcounteren] in module pmp_checker is either unconnected or has no load
WARNING: [Synth 8-7129] Port OF_Sel_CSR[mcountinhibit] in module pmp_checker is either unconnected or has no load
WARNING: [Synth 8-7129] Port OF_Sel_CSR[mcycle] in module pmp_checker is either unconnected or has no load
WARNING: [Synth 8-7129] Port OF_Sel_CSR[minstret] in module pmp_checker is either unconnected or has no load
WARNING: [Synth 8-7129] Port OF_Sel_CSR[mcycleh] in module pmp_checker is either unconnected or has no load
WARNING: [Synth 8-7129] Port OF_Sel_CSR[minstreth] in module pmp_checker is either unconnected or has no load
WARNING: [Synth 8-7129] Port OF_Sel_CSR[mhpmevent] in module pmp_checker is either unconnected or has no load
WARNING: [Synth 8-7129] Port OF_Sel_CSR[mhpmcounter] in module pmp_checker is either unconnected or has no load
INFO: [Common 17-14] Message 'Synth 8-7129' appears 100 times and further instances of the messages will be disabled. Use the Tcl command set_msg_config to change the current settings.
---------------------------------------------------------------------------------
Finished RTL Elaboration : Time (s): cpu = 00:00:14 ; elapsed = 00:00:16 . Memory (MB): peak = 2282.723 ; gain = 757.336 ; free physical = 5365 ; free virtual = 10376
---------------------------------------------------------------------------------
---------------------------------------------------------------------------------
Start Handling Custom Attributes
---------------------------------------------------------------------------------
---------------------------------------------------------------------------------
Finished Handling Custom Attributes : Time (s): cpu = 00:00:14 ; elapsed = 00:00:16 . Memory (MB): peak = 2282.723 ; gain = 757.336 ; free physical = 5370 ; free virtual = 10380
---------------------------------------------------------------------------------
---------------------------------------------------------------------------------
Finished RTL Optimization Phase 1 : Time (s): cpu = 00:00:14 ; elapsed = 00:00:16 . Memory (MB): peak = 2282.723 ; gain = 757.336 ; free physical = 5370 ; free virtual = 10380
---------------------------------------------------------------------------------
Netlist sorting complete. Time (s): cpu = 00:00:00.15 ; elapsed = 00:00:00.15 . Memory (MB): peak = 2282.723 ; gain = 0.000 ; free physical = 5374 ; free virtual = 10384
INFO: [Netlist 29-17] Analyzing 886 Unisim elements for replacement
INFO: [Netlist 29-28] Unisim Transformation completed in 0 CPU seconds
INFO: [Project 1-570] Preparing netlist for logic optimization

Processing XDC Constraints
Initializing timing engine
Parsing XDC File [/home/vid/Desktop/Projects/MicroBlaze-V_no_ram/MicroBlaze-V_no_ram.gen/sources_1/bd/microblaze_v_preset/ip/microblaze_v_preset_microblaze_riscv_0_2/microblaze_v_preset_microblaze_riscv_0_2_ooc_debug.xdc] for cell 'U0'
Finished Parsing XDC File [/home/vid/Desktop/Projects/MicroBlaze-V_no_ram/MicroBlaze-V_no_ram.gen/sources_1/bd/microblaze_v_preset/ip/microblaze_v_preset_microblaze_riscv_0_2/microblaze_v_preset_microblaze_riscv_0_2_ooc_debug.xdc] for cell 'U0'
Parsing XDC File [/home/vid/Desktop/Projects/MicroBlaze-V_no_ram/MicroBlaze-V_no_ram.gen/sources_1/bd/microblaze_v_preset/ip/microblaze_v_preset_microblaze_riscv_0_2/microblaze_v_preset_microblaze_riscv_0_2_ooc.xdc] for cell 'U0'
Finished Parsing XDC File [/home/vid/Desktop/Projects/MicroBlaze-V_no_ram/MicroBlaze-V_no_ram.gen/sources_1/bd/microblaze_v_preset/ip/microblaze_v_preset_microblaze_riscv_0_2/microblaze_v_preset_microblaze_riscv_0_2_ooc.xdc] for cell 'U0'
Parsing XDC File [/home/vid/Desktop/Projects/MicroBlaze-V_no_ram/MicroBlaze-V_no_ram.gen/sources_1/bd/microblaze_v_preset/ip/microblaze_v_preset_microblaze_riscv_0_2/microblaze_v_preset_microblaze_riscv_0_2.xdc] for cell 'U0'
Finished Parsing XDC File [/home/vid/Desktop/Projects/MicroBlaze-V_no_ram/MicroBlaze-V_no_ram.gen/sources_1/bd/microblaze_v_preset/ip/microblaze_v_preset_microblaze_riscv_0_2/microblaze_v_preset_microblaze_riscv_0_2.xdc] for cell 'U0'
INFO: [Project 1-236] Implementation specific constraints were found while reading constraint file [/home/vid/Desktop/Projects/MicroBlaze-V_no_ram/MicroBlaze-V_no_ram.gen/sources_1/bd/microblaze_v_preset/ip/microblaze_v_preset_microblaze_riscv_0_2/microblaze_v_preset_microblaze_riscv_0_2.xdc]. These constraints will be ignored for synthesis but will be used in implementation. Impacted constraints are listed in the file [.Xil/microblaze_v_preset_microblaze_riscv_0_2_propImpl.xdc].
Resolution: To avoid this warning, move constraints listed in [.Xil/microblaze_v_preset_microblaze_riscv_0_2_propImpl.xdc] to another XDC file and exclude this new file from synthesis with the used_in_synthesis property (File Properties dialog in GUI) and re-run elaboration/synthesis.
Parsing XDC File [/home/vid/Desktop/Projects/MicroBlaze-V_no_ram/MicroBlaze-V_no_ram.runs/microblaze_v_preset_microblaze_riscv_0_2_synth_1/dont_touch.xdc]
Finished Parsing XDC File [/home/vid/Desktop/Projects/MicroBlaze-V_no_ram/MicroBlaze-V_no_ram.runs/microblaze_v_preset_microblaze_riscv_0_2_synth_1/dont_touch.xdc]
Completed Processing XDC Constraints

Netlist sorting complete. Time (s): cpu = 00:00:00 ; elapsed = 00:00:00 . Memory (MB): peak = 2346.754 ; gain = 0.000 ; free physical = 5383 ; free virtual = 10394
INFO: [Project 1-111] Unisim Transformation Summary:
  A total of 659 instances were transformed.
  FDE => FDRE: 32 instances
  FDR => FDRE: 37 instances
  FDS => FDSE: 1 instance 
  LUT6_2 => LUT6_2 (LUT5, LUT6): 64 instances
  MUXCY_L => MUXCY: 509 instances
  RAM32M => RAM32M (RAMD32(x6), RAMS32(x2)): 16 instances

Constraint Validation Runtime : Time (s): cpu = 00:00:00.11 ; elapsed = 00:00:00.06 . Memory (MB): peak = 2346.754 ; gain = 0.000 ; free physical = 5383 ; free virtual = 10394
INFO: [Designutils 20-5008] Incremental synthesis strategy off
---------------------------------------------------------------------------------
Finished Constraint Validation : Time (s): cpu = 00:00:21 ; elapsed = 00:00:23 . Memory (MB): peak = 2346.754 ; gain = 821.367 ; free physical = 5361 ; free virtual = 10372
---------------------------------------------------------------------------------
---------------------------------------------------------------------------------
Start Loading Part and Timing Information
---------------------------------------------------------------------------------
Loading part: xc7a100tcsg324-1
---------------------------------------------------------------------------------
Finished Loading Part and Timing Information : Time (s): cpu = 00:00:21 ; elapsed = 00:00:23 . Memory (MB): peak = 2354.758 ; gain = 829.371 ; free physical = 5361 ; free virtual = 10372
---------------------------------------------------------------------------------
---------------------------------------------------------------------------------
Start Applying 'set_property' XDC Constraints
---------------------------------------------------------------------------------
Applied set_property KEEP_HIERARCHY = SOFT for U0. (constraint file  /home/vid/Desktop/Projects/MicroBlaze-V_no_ram/MicroBlaze-V_no_ram.runs/microblaze_v_preset_microblaze_riscv_0_2_synth_1/dont_touch.xdc, line 9).
---------------------------------------------------------------------------------
Finished applying 'set_property' XDC Constraints : Time (s): cpu = 00:00:21 ; elapsed = 00:00:23 . Memory (MB): peak = 2354.758 ; gain = 829.371 ; free physical = 5361 ; free virtual = 10372
---------------------------------------------------------------------------------
INFO: [Synth 8-802] inferred FSM for state register 'Using_Atomic_instr.of_amo_state_reg' in module 'microblaze_riscv_v1_0_3_Decode_gti'
INFO: [Synth 8-802] inferred FSM for state register 'CtrlFsm_reg' in module 'pmp_checker_core'
INFO: [Synth 8-802] inferred FSM for state register 'CtrlFsm_reg' in module 'pmp_checker_core__parameterized1'
---------------------------------------------------------------------------------------------------
                   State |                     New Encoding |                Previous Encoding 
---------------------------------------------------------------------------------------------------
                  amo_lr |                              000 |                              000
              amo_cmp_op |                              101 |                              010
             amo_cmp_op1 |                              100 |                              011
             amo_cmp_op2 |                              011 |                              100
                  amo_op |                              110 |                              001
                  amo_sc |                              001 |                              101
                  iSTATE |                              010 |                              110
*
---------------------------------------------------------------------------------------------------
INFO: [Synth 8-3354] encoded FSM with state register 'Using_Atomic_instr.of_amo_state_reg' using encoding 'sequential' in module 'microblaze_riscv_v1_0_3_Decode_gti'
---------------------------------------------------------------------------------------------------
                   State |                     New Encoding |                Previous Encoding 
---------------------------------------------------------------------------------------------------
                  idle_t |                              001 |                               00
        waitforreqdone_t |                              010 |                               01
            evalresult_t |                              100 |                               10
---------------------------------------------------------------------------------------------------
INFO: [Synth 8-3354] encoded FSM with state register 'CtrlFsm_reg' using encoding 'one-hot' in module 'pmp_checker_core'
---------------------------------------------------------------------------------------------------
                   State |                     New Encoding |                Previous Encoding 
---------------------------------------------------------------------------------------------------
                  idle_t |                              001 |                               00
        waitforreqdone_t |                              010 |                               01
            evalresult_t |                              100 |                               10
---------------------------------------------------------------------------------------------------
INFO: [Synth 8-3354] encoded FSM with state register 'CtrlFsm_reg' using encoding 'one-hot' in module 'pmp_checker_core__parameterized1'
---------------------------------------------------------------------------------
Finished RTL Optimization Phase 2 : Time (s): cpu = 00:00:24 ; elapsed = 00:00:26 . Memory (MB): peak = 2354.758 ; gain = 829.371 ; free physical = 5369 ; free virtual = 10382
---------------------------------------------------------------------------------
---------------------------------------------------------------------------------
Start RTL Component Statistics 
---------------------------------------------------------------------------------
Detailed RTL Component Info : 
+---Adders : 
	   2 Input   64 Bit       Adders := 2     
	   3 Input   33 Bit       Adders := 1     
	   2 Input   32 Bit       Adders := 1     
	   2 Input   28 Bit       Adders := 2     
	   2 Input   14 Bit       Adders := 1     
	   2 Input    7 Bit       Adders := 1     
	   2 Input    6 Bit       Adders := 1     
	   2 Input    3 Bit       Adders := 2     
+---XORs : 
	   2 Input     32 Bit         XORs := 1     
	   2 Input      1 Bit         XORs := 640   
	   3 Input      1 Bit         XORs := 1     
+---Registers : 
	             4096 Bit    Registers := 1     
	               64 Bit    Registers := 2     
	               42 Bit    Registers := 1     
	               34 Bit    Registers := 1     
	               33 Bit    Registers := 1     
	               32 Bit    Registers := 42    
	               31 Bit    Registers := 1     
	               29 Bit    Registers := 1     
	               28 Bit    Registers := 15    
	               23 Bit    Registers := 1     
	               16 Bit    Registers := 1     
	               14 Bit    Registers := 1     
	               12 Bit    Registers := 1     
	                7 Bit    Registers := 3     
	                6 Bit    Registers := 2     
	                5 Bit    Registers := 5     
	                4 Bit    Registers := 6     
	                3 Bit    Registers := 7     
	                2 Bit    Registers := 45    
	                1 Bit    Registers := 446   
+---Muxes : 
	   2 Input   64 Bit        Muxes := 9     
	   2 Input   34 Bit        Muxes := 1     
	   2 Input   33 Bit        Muxes := 5     
	   2 Input   32 Bit        Muxes := 52    
	   3 Input   32 Bit        Muxes := 1     
	   4 Input   32 Bit        Muxes := 3     
	   2 Input   30 Bit        Muxes := 1     
	   4 Input   28 Bit        Muxes := 4     
	   2 Input   28 Bit        Muxes := 3     
	   3 Input   28 Bit        Muxes := 1     
	   2 Input   18 Bit        Muxes := 2     
	   2 Input   16 Bit        Muxes := 1     
	   4 Input   16 Bit        Muxes := 1     
	   2 Input   14 Bit        Muxes := 1     
	   2 Input   12 Bit        Muxes := 3     
	   2 Input    8 Bit        Muxes := 7     
	   4 Input    8 Bit        Muxes := 2     
	   2 Input    7 Bit        Muxes := 1     
	   2 Input    6 Bit        Muxes := 2     
	   2 Input    5 Bit        Muxes := 14    
	   3 Input    4 Bit        Muxes := 1     
	   4 Input    4 Bit        Muxes := 1     
	   2 Input    4 Bit        Muxes := 11    
	   7 Input    4 Bit        Muxes := 1     
	   2 Input    3 Bit        Muxes := 24    
	   7 Input    3 Bit        Muxes := 1     
	   6 Input    3 Bit        Muxes := 1     
	   3 Input    3 Bit        Muxes := 3     
	   5 Input    3 Bit        Muxes := 2     
	   4 Input    3 Bit        Muxes := 1     
	   2 Input    2 Bit        Muxes := 50    
	   4 Input    2 Bit        Muxes := 6     
	   5 Input    2 Bit        Muxes := 4     
	   6 Input    2 Bit        Muxes := 1     
	   3 Input    2 Bit        Muxes := 3     
	   2 Input    1 Bit        Muxes := 445   
	   5 Input    1 Bit        Muxes := 1     
	   7 Input    1 Bit        Muxes := 9     
	   4 Input    1 Bit        Muxes := 12    
	   6 Input    1 Bit        Muxes := 1     
	   3 Input    1 Bit        Muxes := 20    
---------------------------------------------------------------------------------
Finished RTL Component Statistics 
---------------------------------------------------------------------------------
---------------------------------------------------------------------------------
Start Part Resource Summary
---------------------------------------------------------------------------------
Part Resources:
DSPs: 240 (col length:80)
BRAMs: 270 (col length: RAMB18 80 RAMB36 40)
---------------------------------------------------------------------------------
Finished Part Resource Summary
---------------------------------------------------------------------------------
---------------------------------------------------------------------------------
Start Cross Boundary and Area Optimization
---------------------------------------------------------------------------------
WARNING: [Synth 8-7080] Parallel synthesis criteria is not met
---------------------------------------------------------------------------------
Finished Cross Boundary and Area Optimization : Time (s): cpu = 00:00:48 ; elapsed = 00:00:50 . Memory (MB): peak = 2354.758 ; gain = 829.371 ; free physical = 5478 ; free virtual = 10493
---------------------------------------------------------------------------------
---------------------------------------------------------------------------------
Start ROM, RAM, DSP, Shift Register and Retiming Reporting
---------------------------------------------------------------------------------

ROM: Preliminary Mapping Report
+-------------------------------------------+----------------------------+---------------+----------------+
|Module Name                                | RTL Object                 | Depth x Width | Implemented As | 
+-------------------------------------------+----------------------------+---------------+----------------+
|microblaze_riscv_v1_0_3_Barrel_Shifter_gti | Barrel32.two_comp_table[0] | 32x5          | LUT            | 
|microblaze_riscv_v1_0_3_Barrel_Shifter_gti | Barrel32.two_comp_table[0] | 32x5          | LUT            | 
+-------------------------------------------+----------------------------+---------------+----------------+


Distributed RAM: Preliminary Mapping Report (see note below)
+------------------------------------------+-------------------------------------------+----------------+----------------------+--------------+
|Module Name                               | RTL Object                                | Inference      | Size (Depth x Width) | Primitives   | 
+------------------------------------------+-------------------------------------------+----------------+----------------------+--------------+
|U0/\riscv_core_I/Base.Core/pmp_checker_0  | Using_PMP.Using_LUTRAM.pmp_addr_array_reg | User Attribute | 8 x 29               | RAM32M x 15  | 
+------------------------------------------+-------------------------------------------+----------------+----------------------+--------------+

Note: The table above is a preliminary report that shows the Distributed RAMs at the current stage of the synthesis flow. Some Distributed RAMs may be reimplemented as non Distributed RAM primitives later in the synthesis flow. Multiple instantiated RAMs are reported only once.
---------------------------------------------------------------------------------
Finished ROM, RAM, DSP, Shift Register and Retiming Reporting
---------------------------------------------------------------------------------
---------------------------------------------------------------------------------
Start Applying XDC Timing Constraints
---------------------------------------------------------------------------------
---------------------------------------------------------------------------------
Finished Applying XDC Timing Constraints : Time (s): cpu = 00:00:52 ; elapsed = 00:00:55 . Memory (MB): peak = 2354.758 ; gain = 829.371 ; free physical = 5466 ; free virtual = 10482
---------------------------------------------------------------------------------
---------------------------------------------------------------------------------
Start Timing Optimization
---------------------------------------------------------------------------------
---------------------------------------------------------------------------------
Finished Timing Optimization : Time (s): cpu = 00:00:59 ; elapsed = 00:01:02 . Memory (MB): peak = 2453.086 ; gain = 927.699 ; free physical = 5263 ; free virtual = 10268
---------------------------------------------------------------------------------
---------------------------------------------------------------------------------
Start ROM, RAM, DSP, Shift Register and Retiming Reporting
---------------------------------------------------------------------------------

Distributed RAM: Final Mapping Report
+------------------------------------------+-------------------------------------------+----------------+----------------------+--------------+
|Module Name                               | RTL Object                                | Inference      | Size (Depth x Width) | Primitives   | 
+------------------------------------------+-------------------------------------------+----------------+----------------------+--------------+
|U0/\riscv_core_I/Base.Core/pmp_checker_0  | Using_PMP.Using_LUTRAM.pmp_addr_array_reg | User Attribute | 8 x 29               | RAM32M x 15  | 
+------------------------------------------+-------------------------------------------+----------------+----------------------+--------------+

---------------------------------------------------------------------------------
Finished ROM, RAM, DSP, Shift Register and Retiming Reporting
---------------------------------------------------------------------------------
---------------------------------------------------------------------------------
Start Technology Mapping
---------------------------------------------------------------------------------
---------------------------------------------------------------------------------
Finished Technology Mapping : Time (s): cpu = 00:01:02 ; elapsed = 00:01:05 . Memory (MB): peak = 2492.102 ; gain = 966.715 ; free physical = 5171 ; free virtual = 10176
---------------------------------------------------------------------------------
---------------------------------------------------------------------------------
Start IO Insertion
---------------------------------------------------------------------------------
---------------------------------------------------------------------------------
Start Flattening Before IO Insertion
---------------------------------------------------------------------------------
---------------------------------------------------------------------------------
Finished Flattening Before IO Insertion
---------------------------------------------------------------------------------
---------------------------------------------------------------------------------
Start Final Netlist Cleanup
---------------------------------------------------------------------------------
---------------------------------------------------------------------------------
Finished Final Netlist Cleanup
---------------------------------------------------------------------------------
---------------------------------------------------------------------------------
Finished IO Insertion : Time (s): cpu = 00:01:04 ; elapsed = 00:01:07 . Memory (MB): peak = 2568.914 ; gain = 1043.527 ; free physical = 5149 ; free virtual = 10154
---------------------------------------------------------------------------------
---------------------------------------------------------------------------------
Start Renaming Generated Instances
---------------------------------------------------------------------------------
---------------------------------------------------------------------------------
Finished Renaming Generated Instances : Time (s): cpu = 00:01:04 ; elapsed = 00:01:07 . Memory (MB): peak = 2568.914 ; gain = 1043.527 ; free physical = 5149 ; free virtual = 10154
---------------------------------------------------------------------------------
---------------------------------------------------------------------------------
Start Rebuilding User Hierarchy
---------------------------------------------------------------------------------
---------------------------------------------------------------------------------
Finished Rebuilding User Hierarchy : Time (s): cpu = 00:01:05 ; elapsed = 00:01:08 . Memory (MB): peak = 2568.914 ; gain = 1043.527 ; free physical = 5141 ; free virtual = 10146
---------------------------------------------------------------------------------
---------------------------------------------------------------------------------
Start Renaming Generated Ports
---------------------------------------------------------------------------------
---------------------------------------------------------------------------------
Finished Renaming Generated Ports : Time (s): cpu = 00:01:05 ; elapsed = 00:01:08 . Memory (MB): peak = 2568.914 ; gain = 1043.527 ; free physical = 5141 ; free virtual = 10146
---------------------------------------------------------------------------------
---------------------------------------------------------------------------------
Start Handling Custom Attributes
---------------------------------------------------------------------------------
---------------------------------------------------------------------------------
Finished Handling Custom Attributes : Time (s): cpu = 00:01:05 ; elapsed = 00:01:08 . Memory (MB): peak = 2568.914 ; gain = 1043.527 ; free physical = 5143 ; free virtual = 10148
---------------------------------------------------------------------------------
---------------------------------------------------------------------------------
Start Renaming Generated Nets
---------------------------------------------------------------------------------
---------------------------------------------------------------------------------
Finished Renaming Generated Nets : Time (s): cpu = 00:01:05 ; elapsed = 00:01:08 . Memory (MB): peak = 2568.914 ; gain = 1043.527 ; free physical = 5143 ; free virtual = 10148
---------------------------------------------------------------------------------
---------------------------------------------------------------------------------
Start ROM, RAM, DSP, Shift Register and Retiming Reporting
---------------------------------------------------------------------------------

Dynamic Shift Register Report:
+------------+--------------------+--------+------------+--------+---------+--------+--------+--------+
|Module Name | RTL Name           | Length | Data Width | SRL16E | SRLC32E | Mux F7 | Mux F8 | Mux F9 | 
+------------+--------------------+--------+------------+--------+---------+--------+--------+--------+
|dsrl        | PC_Buffer_reg[3]   | 32     | 32         | 32     | 0       | 0      | 0      | 0      | 
|dsrl__1     | data_buffer_reg[3] | 1      | 1          | 1      | 0       | 0      | 0      | 0      | 
|dsrl__3     | data_buffer_reg[2] | 32     | 32         | 32     | 0       | 0      | 0      | 0      | 
+------------+--------------------+--------+------------+--------+---------+--------+--------+--------+

---------------------------------------------------------------------------------
Finished ROM, RAM, DSP, Shift Register and Retiming Reporting
---------------------------------------------------------------------------------
---------------------------------------------------------------------------------
Start Writing Synthesis Report
---------------------------------------------------------------------------------

DSP Final Report (the ' indicates corresponding REG is set)
+-------------------------------+--------------------+--------+--------+--------+--------+--------+------+------+------+------+-------+------+------+
|Module Name                    | DSP Mapping        | A Size | B Size | C Size | D Size | P Size | AREG | BREG | CREG | DREG | ADREG | MREG | PREG | 
+-------------------------------+--------------------+--------+--------+--------+--------+--------+------+------+------+------+-------+------+------+
|MB_DSP48E1                     | (A*B)'             | 17     | 17     | -      | -      | 48     | 0    | 0    | -    | -    | -     | 0    | 1    | 
|MB_DSP48E1__parameterized1_870 | PCIN>>17+(A*B)'    | 30     | 17     | -      | -      | 48     | 0    | 0    | -    | -    | -     | 1    | 0    | 
|MB_DSP48E1__parameterized1     | PCIN+(A*B)'        | 17     | 18     | -      | -      | 48     | 0    | 0    | -    | -    | -     | 1    | 0    | 
|MB_DSP48E1__parameterized3     | (PCIN>>17+(A*B)')' | 30     | 18     | -      | -      | 48     | 0    | 0    | -    | -    | -     | 1    | 1    | 
+-------------------------------+--------------------+--------+--------+--------+--------+--------+------+------+------+------+-------+------+------+


Report BlackBoxes: 
+-+--------------+----------+
| |BlackBox name |Instances |
+-+--------------+----------+
+-+--------------+----------+

Report Cell Usage: 
+------+--------+------+
|      |Cell    |Count |
+------+--------+------+
|1     |CARRY4  |    67|
|2     |DSP48E1 |     4|
|5     |LUT1    |    88|
|6     |LUT2    |   308|
|7     |LUT3    |   512|
|8     |LUT4    |   684|
|9     |LUT5    |   472|
|10    |LUT6    |  1474|
|12    |MUXCY_L |   486|
|13    |MUXF7   |    17|
|14    |RAM32M  |    31|
|15    |SRL16E  |    50|
|16    |XORCY   |   176|
|17    |FDCE    |    10|
|18    |FDE     |    32|
|19    |FDPE    |     1|
|20    |FDR     |    22|
|21    |FDRE    |  2148|
|22    |FDS     |     1|
|23    |FDSE    |    78|
+------+--------+------+
---------------------------------------------------------------------------------
Finished Writing Synthesis Report : Time (s): cpu = 00:01:05 ; elapsed = 00:01:08 . Memory (MB): peak = 2568.914 ; gain = 1043.527 ; free physical = 5147 ; free virtual = 10152
---------------------------------------------------------------------------------
Synthesis finished with 0 errors, 0 critical warnings and 11204 warnings.
Synthesis Optimization Runtime : Time (s): cpu = 00:01:01 ; elapsed = 00:01:05 . Memory (MB): peak = 2568.914 ; gain = 979.496 ; free physical = 5148 ; free virtual = 10153
Synthesis Optimization Complete : Time (s): cpu = 00:01:05 ; elapsed = 00:01:08 . Memory (MB): peak = 2568.922 ; gain = 1043.527 ; free physical = 5148 ; free virtual = 10153
INFO: [Project 1-571] Translating synthesized netlist
Netlist sorting complete. Time (s): cpu = 00:00:00.08 ; elapsed = 00:00:00.08 . Memory (MB): peak = 2568.922 ; gain = 0.000 ; free physical = 5282 ; free virtual = 10287
INFO: [Netlist 29-17] Analyzing 900 Unisim elements for replacement
INFO: [Netlist 29-28] Unisim Transformation completed in 0 CPU seconds
INFO: [Project 1-570] Preparing netlist for logic optimization
INFO: [Opt 31-138] Pushed 0 inverter(s) to 0 load pin(s).
Netlist sorting complete. Time (s): cpu = 00:00:00 ; elapsed = 00:00:00.01 . Memory (MB): peak = 2624.941 ; gain = 0.000 ; free physical = 5305 ; free virtual = 10310
INFO: [Project 1-111] Unisim Transformation Summary:
  A total of 285 instances were transformed.
  (MUXCY,XORCY) => CARRY4: 135 instances
  FDE => FDRE: 32 instances
  FDR => FDRE: 22 instances
  FDS => FDSE: 1 instance 
  LUT6_2 => LUT6_2 (LUT5, LUT6): 64 instances
  RAM32M => RAM32M (RAMD32(x6), RAMS32(x2)): 31 instances

Synth Design complete | Checksum: fe473d54
INFO: [Common 17-83] Releasing license: Synthesis
29 Infos, 101 Warnings, 0 Critical Warnings and 0 Errors encountered.
synth_design completed successfully
synth_design: Time (s): cpu = 00:01:11 ; elapsed = 00:01:12 . Memory (MB): peak = 2624.941 ; gain = 1141.215 ; free physical = 5305 ; free virtual = 10310
INFO: [Common 17-2834] synth_design peak Physical Memory [PSS] (MB): overall = 2044.012; main = 1971.558; forked = 310.845
INFO: [Common 17-2834] synth_design peak Virtual Memory [VSS] (MB): overall = 3395.492; main = 2624.945; forked = 942.402
Write ShapeDB Complete: Time (s): cpu = 00:00:00.02 ; elapsed = 00:00:00 . Memory (MB): peak = 2648.953 ; gain = 0.000 ; free physical = 5319 ; free virtual = 10325
INFO: [Common 17-1381] The checkpoint '/home/vid/Desktop/Projects/MicroBlaze-V_no_ram/MicroBlaze-V_no_ram.runs/microblaze_v_preset_microblaze_riscv_0_2_synth_1/microblaze_v_preset_microblaze_riscv_0_2.dcp' has been generated.
INFO: [Coretcl 2-1648] Added synthesis output to IP cache for IP microblaze_v_preset_microblaze_riscv_0_2, cache-ID = 51c389eaf8f68107
INFO: [Coretcl 2-1174] Renamed 1093 cell refs.
Write ShapeDB Complete: Time (s): cpu = 00:00:00.01 ; elapsed = 00:00:00.01 . Memory (MB): peak = 2648.953 ; gain = 0.000 ; free physical = 5300 ; free virtual = 10322
INFO: [Common 17-1381] The checkpoint '/home/vid/Desktop/Projects/MicroBlaze-V_no_ram/MicroBlaze-V_no_ram.runs/microblaze_v_preset_microblaze_riscv_0_2_synth_1/microblaze_v_preset_microblaze_riscv_0_2.dcp' has been generated.
INFO: [Vivado 12-24828] Executing command : report_utilization -file microblaze_v_preset_microblaze_riscv_0_2_utilization_synth.rpt -pb microblaze_v_preset_microblaze_riscv_0_2_utilization_synth.pb
INFO: [Common 17-206] Exiting Vivado at Fri May 23 16:06:50 2025...
