
*** Running vivado
    with args -log system_microblaze_0_3.vds -m64 -product Vivado -mode batch -messageDb vivado.pb -notrace -source system_microblaze_0_3.tcl


****** Vivado v2024.2 (64-bit)
  **** SW Build 5239630 on Fri Nov 08 22:34:34 MST 2024
  **** IP Build 5239520 on Sun Nov 10 16:12:51 MST 2024
  **** SharedData Build 5239561 on Fri Nov 08 14:39:27 MST 2024
  **** Start of session at: Thu May 22 15:35:17 2025
    ** Copyright 1986-2022 Xilinx, Inc. All Rights Reserved.
    ** Copyright 2022-2024 Advanced Micro Devices, Inc. All Rights Reserved.

source system_microblaze_0_3.tcl -notrace
INFO: [Common 17-1565] set_msg_config should not be used to change the severity of DRC/METHODOLOGY checks. Please use the 'set_property SEVERITY <NEW_SEVERITY> [get_<drc|methodology>_checks <ID>]' command instead.
INFO: [Common 17-1565] set_msg_config should not be used to change the severity of DRC/METHODOLOGY checks. Please use the 'set_property SEVERITY <NEW_SEVERITY> [get_<drc|methodology>_checks <ID>]' command instead.
INFO: [IP_Flow 19-6924] IPCACHE: Running cache check for IP inst: system_microblaze_0_3
Command: synth_design -top system_microblaze_0_3 -part xc7a100tcsg324-1 -incremental_mode off -mode out_of_context
Starting synth_design
Attempting to get a license for feature 'Synthesis' and/or device 'xc7a100t'
INFO: [Common 17-349] Got license for feature 'Synthesis' and/or device 'xc7a100t'
INFO: [Device 21-403] Loading part xc7a100tcsg324-1
INFO: [Synth 8-7079] Multithreading enabled for synth_design using a maximum of 7 processes.
INFO: [Synth 8-7078] Launching helper process for spawning children vivado processes
INFO: [Synth 8-7075] Helper process launched with PID 457894
---------------------------------------------------------------------------------
Starting RTL Elaboration : Time (s): cpu = 00:00:06 ; elapsed = 00:00:07 . Memory (MB): peak = 1944.105 ; gain = 420.797 ; free physical = 143 ; free virtual = 3890
---------------------------------------------------------------------------------
INFO: [Synth 8-638] synthesizing module 'system_microblaze_0_3' [/home/vid/Desktop/Projects/MicroBlaze_no_ram/MicroBlaze_no_ram.gen/sources_1/bd/system/ip/system_microblaze_0_3/synth/system_microblaze_0_3.vhd:116]
	Parameter C_SCO bound to: 0 - type: integer 
	Parameter C_FREQ bound to: 80000000 - type: integer 
	Parameter C_USE_CONFIG_RESET bound to: 0 - type: integer 
	Parameter C_NUM_SYNC_FF_CLK bound to: 2 - type: integer 
	Parameter C_NUM_SYNC_FF_CLK_IRQ bound to: 1 - type: integer 
	Parameter C_NUM_SYNC_FF_CLK_DEBUG bound to: 2 - type: integer 
	Parameter C_NUM_SYNC_FF_DBG_CLK bound to: 1 - type: integer 
	Parameter C_NUM_SYNC_FF_DBG_TRACE_CLK bound to: 2 - type: integer 
	Parameter C_FAULT_TOLERANT bound to: 0 - type: integer 
	Parameter C_ECC_USE_CE_EXCEPTION bound to: 0 - type: integer 
	Parameter C_LOCKSTEP_SLAVE bound to: 0 - type: integer 
	Parameter C_LOCKSTEP_MASTER bound to: 0 - type: integer 
	Parameter C_TEMPORAL_DEPTH bound to: 0 - type: integer 
	Parameter C_ENDIANNESS bound to: 1 - type: integer 
	Parameter C_FAMILY bound to: artix7 - type: string 
	Parameter C_PART bound to: xc7a100tcsg324-1 - type: string 
	Parameter C_DATA_SIZE bound to: 32 - type: integer 
	Parameter C_LMB_DATA_SIZE bound to: 32 - type: integer 
	Parameter C_INSTR_SIZE bound to: 32 - type: integer 
	Parameter C_IADDR_SIZE bound to: 32 - type: integer 
	Parameter C_PIADDR_SIZE bound to: 32 - type: integer 
	Parameter C_DADDR_SIZE bound to: 32 - type: integer 
	Parameter C_INSTANCE bound to: system_microblaze_0_3 - type: string 
	Parameter C_AVOID_PRIMITIVES bound to: 0 - type: integer 
	Parameter C_AREA_OPTIMIZED bound to: 0 - type: integer 
	Parameter C_OPTIMIZATION bound to: 0 - type: integer 
	Parameter C_INTERCONNECT bound to: 2 - type: integer 
	Parameter C_BASE_VECTORS bound to: 64'b0000000000000000000000000000000000000000000000000000000000000000 
	Parameter C_M_AXI_DP_THREAD_ID_WIDTH bound to: 1 - type: integer 
	Parameter C_M_AXI_DP_DATA_WIDTH bound to: 32 - type: integer 
	Parameter C_M_AXI_DP_ADDR_WIDTH bound to: 32 - type: integer 
	Parameter C_M_AXI_DP_EXCLUSIVE_ACCESS bound to: 0 - type: integer 
	Parameter C_M_AXI_D_BUS_EXCEPTION bound to: 0 - type: integer 
	Parameter C_M_AXI_IP_THREAD_ID_WIDTH bound to: 1 - type: integer 
	Parameter C_M_AXI_IP_DATA_WIDTH bound to: 32 - type: integer 
	Parameter C_M_AXI_IP_ADDR_WIDTH bound to: 32 - type: integer 
	Parameter C_M_AXI_I_BUS_EXCEPTION bound to: 0 - type: integer 
	Parameter C_D_LMB bound to: 1 - type: integer 
	Parameter C_D_LMB_PROTOCOL bound to: 0 - type: integer 
	Parameter C_D_AXI bound to: 1 - type: integer 
	Parameter C_I_LMB bound to: 1 - type: integer 
	Parameter C_I_LMB_PROTOCOL bound to: 0 - type: integer 
	Parameter C_I_AXI bound to: 0 - type: integer 
	Parameter G_TEMPLATE_LIST bound to: 2 - type: integer 
	Parameter C_USE_MSR_INSTR bound to: 1 - type: integer 
	Parameter C_USE_PCMP_INSTR bound to: 1 - type: integer 
	Parameter C_USE_BARREL bound to: 1 - type: integer 
	Parameter C_USE_DIV bound to: 1 - type: integer 
	Parameter C_USE_HW_MUL bound to: 2 - type: integer 
	Parameter C_USE_FPU bound to: 2 - type: integer 
	Parameter C_USE_REORDER_INSTR bound to: 1 - type: integer 
	Parameter C_UNALIGNED_EXCEPTIONS bound to: 0 - type: integer 
	Parameter C_ILL_OPCODE_EXCEPTION bound to: 0 - type: integer 
	Parameter C_DIV_ZERO_EXCEPTION bound to: 0 - type: integer 
	Parameter C_FPU_EXCEPTION bound to: 0 - type: integer 
	Parameter C_FSL_LINKS bound to: 0 - type: integer 
	Parameter C_USE_EXTENDED_FSL_INSTR bound to: 0 - type: integer 
	Parameter C_FSL_EXCEPTION bound to: 0 - type: integer 
	Parameter C_USE_STACK_PROTECTION bound to: 0 - type: integer 
	Parameter C_IMPRECISE_EXCEPTIONS bound to: 0 - type: integer 
	Parameter C_USE_INTERRUPT bound to: 2 - type: integer 
	Parameter C_USE_EXT_BRK bound to: 0 - type: integer 
	Parameter C_USE_EXT_NM_BRK bound to: 0 - type: integer 
	Parameter C_USE_NON_SECURE bound to: 0 - type: integer 
	Parameter C_USE_MMU bound to: 0 - type: integer 
	Parameter C_MMU_DTLB_SIZE bound to: 4 - type: integer 
	Parameter C_MMU_ITLB_SIZE bound to: 2 - type: integer 
	Parameter C_MMU_TLB_ACCESS bound to: 3 - type: integer 
	Parameter C_MMU_ZONES bound to: 2 - type: integer 
	Parameter C_MMU_PRIVILEGED_INSTR bound to: 0 - type: integer 
	Parameter C_USE_BRANCH_TARGET_CACHE bound to: 1 - type: integer 
	Parameter C_BRANCH_TARGET_CACHE_SIZE bound to: 0 - type: integer 
	Parameter C_PC_WIDTH bound to: 32 - type: integer 
	Parameter C_PVR bound to: 0 - type: integer 
	Parameter C_PVR_USER1 bound to: 8'b00000000 
	Parameter C_PVR_USER2 bound to: 32'b00000000000000000000000000000000 
	Parameter C_DYNAMIC_BUS_SIZING bound to: 0 - type: integer 
	Parameter C_RESET_MSR bound to: 32'b00000000000000000000000000000000 
	Parameter C_OPCODE_0x0_ILLEGAL bound to: 0 - type: integer 
	Parameter C_DEBUG_ENABLED bound to: 1 - type: integer 
	Parameter C_DEBUG_INTERFACE bound to: 0 - type: integer 
	Parameter C_NUMBER_OF_PC_BRK bound to: 1 - type: integer 
	Parameter C_NUMBER_OF_RD_ADDR_BRK bound to: 0 - type: integer 
	Parameter C_NUMBER_OF_WR_ADDR_BRK bound to: 0 - type: integer 
	Parameter C_DEBUG_EVENT_COUNTERS bound to: 5 - type: integer 
	Parameter C_DEBUG_LATENCY_COUNTERS bound to: 1 - type: integer 
	Parameter C_DEBUG_COUNTER_WIDTH bound to: 32 - type: integer 
	Parameter C_DEBUG_TRACE_SIZE bound to: 8192 - type: integer 
	Parameter C_DEBUG_EXTERNAL_TRACE bound to: 0 - type: integer 
	Parameter C_DEBUG_TRACE_ASYNC_RESET bound to: 0 - type: integer 
	Parameter C_DEBUG_PROFILE_SIZE bound to: 0 - type: integer 
	Parameter C_INTERRUPT_IS_EDGE bound to: 0 - type: integer 
	Parameter C_EDGE_IS_POSITIVE bound to: 1 - type: integer 
	Parameter C_ASYNC_INTERRUPT bound to: 1 - type: integer 
	Parameter C_ASYNC_WAKEUP bound to: 3 - type: integer 
	Parameter C_M0_AXIS_DATA_WIDTH bound to: 32 - type: integer 
	Parameter C_S0_AXIS_DATA_WIDTH bound to: 32 - type: integer 
	Parameter C_M1_AXIS_DATA_WIDTH bound to: 32 - type: integer 
	Parameter C_S1_AXIS_DATA_WIDTH bound to: 32 - type: integer 
	Parameter C_M2_AXIS_DATA_WIDTH bound to: 32 - type: integer 
	Parameter C_S2_AXIS_DATA_WIDTH bound to: 32 - type: integer 
	Parameter C_M3_AXIS_DATA_WIDTH bound to: 32 - type: integer 
	Parameter C_S3_AXIS_DATA_WIDTH bound to: 32 - type: integer 
	Parameter C_M4_AXIS_DATA_WIDTH bound to: 32 - type: integer 
	Parameter C_S4_AXIS_DATA_WIDTH bound to: 32 - type: integer 
	Parameter C_M5_AXIS_DATA_WIDTH bound to: 32 - type: integer 
	Parameter C_S5_AXIS_DATA_WIDTH bound to: 32 - type: integer 
	Parameter C_M6_AXIS_DATA_WIDTH bound to: 32 - type: integer 
	Parameter C_S6_AXIS_DATA_WIDTH bound to: 32 - type: integer 
	Parameter C_M7_AXIS_DATA_WIDTH bound to: 32 - type: integer 
	Parameter C_S7_AXIS_DATA_WIDTH bound to: 32 - type: integer 
	Parameter C_M8_AXIS_DATA_WIDTH bound to: 32 - type: integer 
	Parameter C_S8_AXIS_DATA_WIDTH bound to: 32 - type: integer 
	Parameter C_M9_AXIS_DATA_WIDTH bound to: 32 - type: integer 
	Parameter C_S9_AXIS_DATA_WIDTH bound to: 32 - type: integer 
	Parameter C_M10_AXIS_DATA_WIDTH bound to: 32 - type: integer 
	Parameter C_S10_AXIS_DATA_WIDTH bound to: 32 - type: integer 
	Parameter C_M11_AXIS_DATA_WIDTH bound to: 32 - type: integer 
	Parameter C_S11_AXIS_DATA_WIDTH bound to: 32 - type: integer 
	Parameter C_M12_AXIS_DATA_WIDTH bound to: 32 - type: integer 
	Parameter C_S12_AXIS_DATA_WIDTH bound to: 32 - type: integer 
	Parameter C_M13_AXIS_DATA_WIDTH bound to: 32 - type: integer 
	Parameter C_S13_AXIS_DATA_WIDTH bound to: 32 - type: integer 
	Parameter C_M14_AXIS_DATA_WIDTH bound to: 32 - type: integer 
	Parameter C_S14_AXIS_DATA_WIDTH bound to: 32 - type: integer 
	Parameter C_M15_AXIS_DATA_WIDTH bound to: 32 - type: integer 
	Parameter C_S15_AXIS_DATA_WIDTH bound to: 32 - type: integer 
	Parameter C_ICACHE_BASEADDR bound to: 64'b0000000000000000000000000000000000000000000000000000000000000000 
	Parameter C_ICACHE_HIGHADDR bound to: 64'b0000000000000000000000000000000000111111111111111111111111111111 
	Parameter C_USE_ICACHE bound to: 0 - type: integer 
	Parameter C_ALLOW_ICACHE_WR bound to: 1 - type: integer 
	Parameter C_ADDR_TAG_BITS bound to: 0 - type: integer 
	Parameter C_CACHE_BYTE_SIZE bound to: 32768 - type: integer 
	Parameter C_ICACHE_LINE_LEN bound to: 8 - type: integer 
	Parameter C_ICACHE_ALWAYS_USED bound to: 1 - type: integer 
	Parameter C_ICACHE_STREAMS bound to: 1 - type: integer 
	Parameter C_ICACHE_VICTIMS bound to: 8 - type: integer 
	Parameter C_ICACHE_FORCE_TAG_LUTRAM bound to: 0 - type: integer 
	Parameter C_ICACHE_DATA_WIDTH bound to: 0 - type: integer 
	Parameter C_M_AXI_IC_THREAD_ID_WIDTH bound to: 1 - type: integer 
	Parameter C_M_AXI_IC_DATA_WIDTH bound to: 32 - type: integer 
	Parameter C_M_AXI_IC_ADDR_WIDTH bound to: 32 - type: integer 
	Parameter C_M_AXI_IC_USER_VALUE bound to: 31 - type: integer 
	Parameter C_M_AXI_IC_AWUSER_WIDTH bound to: 5 - type: integer 
	Parameter C_M_AXI_IC_ARUSER_WIDTH bound to: 5 - type: integer 
	Parameter C_M_AXI_IC_WUSER_WIDTH bound to: 1 - type: integer 
	Parameter C_M_AXI_IC_RUSER_WIDTH bound to: 1 - type: integer 
	Parameter C_M_AXI_IC_BUSER_WIDTH bound to: 1 - type: integer 
	Parameter C_DCACHE_BASEADDR bound to: 64'b0000000000000000000000000000000000000000000000000000000000000000 
	Parameter C_DCACHE_HIGHADDR bound to: 64'b0000000000000000000000000000000000111111111111111111111111111111 
	Parameter C_USE_DCACHE bound to: 0 - type: integer 
	Parameter C_ALLOW_DCACHE_WR bound to: 1 - type: integer 
	Parameter C_DCACHE_ADDR_TAG bound to: 0 - type: integer 
	Parameter C_DCACHE_BYTE_SIZE bound to: 32768 - type: integer 
	Parameter C_DCACHE_LINE_LEN bound to: 8 - type: integer 
	Parameter C_DCACHE_ALWAYS_USED bound to: 1 - type: integer 
	Parameter C_DCACHE_USE_WRITEBACK bound to: 1 - type: integer 
	Parameter C_DCACHE_VICTIMS bound to: 8 - type: integer 
	Parameter C_DCACHE_FORCE_TAG_LUTRAM bound to: 0 - type: integer 
	Parameter C_DCACHE_DATA_WIDTH bound to: 0 - type: integer 
	Parameter C_M_AXI_DC_THREAD_ID_WIDTH bound to: 1 - type: integer 
	Parameter C_M_AXI_DC_DATA_WIDTH bound to: 32 - type: integer 
	Parameter C_M_AXI_DC_ADDR_WIDTH bound to: 32 - type: integer 
	Parameter C_M_AXI_DC_EXCLUSIVE_ACCESS bound to: 0 - type: integer 
	Parameter C_M_AXI_DC_USER_VALUE bound to: 31 - type: integer 
	Parameter C_M_AXI_DC_AWUSER_WIDTH bound to: 5 - type: integer 
	Parameter C_M_AXI_DC_ARUSER_WIDTH bound to: 5 - type: integer 
	Parameter C_M_AXI_DC_WUSER_WIDTH bound to: 1 - type: integer 
	Parameter C_M_AXI_DC_RUSER_WIDTH bound to: 1 - type: integer 
	Parameter C_M_AXI_DC_BUSER_WIDTH bound to: 1 - type: integer 
INFO: [Synth 8-3491] module 'MicroBlaze' declared at '/home/vid/Desktop/Projects/MicroBlaze_no_ram/MicroBlaze_no_ram.gen/sources_1/bd/system/ipshared/a243/hdl/microblaze_v11_0_vh_rfs.vhd:164914' bound to instance 'U0' of component 'MicroBlaze' [/home/vid/Desktop/Projects/MicroBlaze_no_ram/MicroBlaze_no_ram.gen/sources_1/bd/system/ip/system_microblaze_0_3/synth/system_microblaze_0_3.vhd:828]
WARNING: [Synth 8-7129] Port Clk in module MMU is either unconnected or has no load
WARNING: [Synth 8-7129] Port Reset in module MMU is either unconnected or has no load
WARNING: [Synth 8-7129] Port IB_VMode in module MMU is either unconnected or has no load
WARNING: [Synth 8-7129] Port IB_UMode in module MMU is either unconnected or has no load
WARNING: [Synth 8-7129] Port EX_VMode in module MMU is either unconnected or has no load
WARNING: [Synth 8-7129] Port EX_UMode in module MMU is either unconnected or has no load
WARNING: [Synth 8-7129] Port EX_DataBus_Write in module MMU is either unconnected or has no load
WARNING: [Synth 8-7129] Port EX_Write_DCache_Instr in module MMU is either unconnected or has no load
WARNING: [Synth 8-7129] Port EX_Unmask_EA in module MMU is either unconnected or has no load
WARNING: [Synth 8-7129] Port ICACHE_Valid_Addr in module MMU is either unconnected or has no load
WARNING: [Synth 8-7129] Port OF_PipeRun in module MMU is either unconnected or has no load
WARNING: [Synth 8-7129] Port EX_MTS_PID in module MMU is either unconnected or has no load
WARNING: [Synth 8-7129] Port EX_MTS_ZPR in module MMU is either unconnected or has no load
WARNING: [Synth 8-7129] Port EX_MTS_TLBX in module MMU is either unconnected or has no load
WARNING: [Synth 8-7129] Port EX_MTS_TLBLO in module MMU is either unconnected or has no load
WARNING: [Synth 8-7129] Port EX_MTS_TLBHI in module MMU is either unconnected or has no load
WARNING: [Synth 8-7129] Port EX_MTS_TLBSX in module MMU is either unconnected or has no load
WARNING: [Synth 8-7129] Port EX_MTS_EA in module MMU is either unconnected or has no load
WARNING: [Synth 8-7129] Port EX_Op1[0] in module MMU is either unconnected or has no load
WARNING: [Synth 8-7129] Port EX_Op1[1] in module MMU is either unconnected or has no load
WARNING: [Synth 8-7129] Port EX_Op1[2] in module MMU is either unconnected or has no load
WARNING: [Synth 8-7129] Port EX_Op1[3] in module MMU is either unconnected or has no load
WARNING: [Synth 8-7129] Port EX_Op1[4] in module MMU is either unconnected or has no load
WARNING: [Synth 8-7129] Port EX_Op1[5] in module MMU is either unconnected or has no load
WARNING: [Synth 8-7129] Port EX_Op1[6] in module MMU is either unconnected or has no load
WARNING: [Synth 8-7129] Port EX_Op1[7] in module MMU is either unconnected or has no load
WARNING: [Synth 8-7129] Port EX_Op1[8] in module MMU is either unconnected or has no load
WARNING: [Synth 8-7129] Port EX_Op1[9] in module MMU is either unconnected or has no load
WARNING: [Synth 8-7129] Port EX_Op1[10] in module MMU is either unconnected or has no load
WARNING: [Synth 8-7129] Port EX_Op1[11] in module MMU is either unconnected or has no load
WARNING: [Synth 8-7129] Port EX_Op1[12] in module MMU is either unconnected or has no load
WARNING: [Synth 8-7129] Port EX_Op1[13] in module MMU is either unconnected or has no load
WARNING: [Synth 8-7129] Port EX_Op1[14] in module MMU is either unconnected or has no load
WARNING: [Synth 8-7129] Port EX_Op1[15] in module MMU is either unconnected or has no load
WARNING: [Synth 8-7129] Port EX_Op1[16] in module MMU is either unconnected or has no load
WARNING: [Synth 8-7129] Port EX_Op1[17] in module MMU is either unconnected or has no load
WARNING: [Synth 8-7129] Port EX_Op1[18] in module MMU is either unconnected or has no load
WARNING: [Synth 8-7129] Port EX_Op1[19] in module MMU is either unconnected or has no load
WARNING: [Synth 8-7129] Port EX_Op1[20] in module MMU is either unconnected or has no load
WARNING: [Synth 8-7129] Port EX_Op1[21] in module MMU is either unconnected or has no load
WARNING: [Synth 8-7129] Port EX_Op1[22] in module MMU is either unconnected or has no load
WARNING: [Synth 8-7129] Port EX_Op1[23] in module MMU is either unconnected or has no load
WARNING: [Synth 8-7129] Port EX_Op1[24] in module MMU is either unconnected or has no load
WARNING: [Synth 8-7129] Port EX_Op1[25] in module MMU is either unconnected or has no load
WARNING: [Synth 8-7129] Port EX_Op1[26] in module MMU is either unconnected or has no load
WARNING: [Synth 8-7129] Port EX_Op1[27] in module MMU is either unconnected or has no load
WARNING: [Synth 8-7129] Port EX_Op1[28] in module MMU is either unconnected or has no load
WARNING: [Synth 8-7129] Port EX_Op1[29] in module MMU is either unconnected or has no load
WARNING: [Synth 8-7129] Port EX_Op1[30] in module MMU is either unconnected or has no load
WARNING: [Synth 8-7129] Port EX_Op1[31] in module MMU is either unconnected or has no load
WARNING: [Synth 8-7129] Port EX_PipeRun in module MMU is either unconnected or has no load
WARNING: [Synth 8-7129] Port EX_Sel_SPR_TLBLO in module MMU is either unconnected or has no load
WARNING: [Synth 8-7129] Port EX_Sel_SPR_TLBHI in module MMU is either unconnected or has no load
WARNING: [Synth 8-7129] Port EX_Sel_SPR_EA in module MMU is either unconnected or has no load
WARNING: [Synth 8-7129] Port MEM_Sel_SPR_PID in module MMU is either unconnected or has no load
WARNING: [Synth 8-7129] Port MEM_Sel_SPR_ZPR in module MMU is either unconnected or has no load
WARNING: [Synth 8-7129] Port MEM_Sel_SPR_TLBX in module MMU is either unconnected or has no load
WARNING: [Synth 8-7129] Port MEM_Sel_SPR_TLBLO in module MMU is either unconnected or has no load
WARNING: [Synth 8-7129] Port MEM_Sel_SPR_TLBHI in module MMU is either unconnected or has no load
WARNING: [Synth 8-7129] Port MEM_Sel_SPR_EA in module MMU is either unconnected or has no load
WARNING: [Synth 8-7129] Port MEM_PipeRun in module MMU is either unconnected or has no load
WARNING: [Synth 8-7129] Port MEM_potential_exception in module MMU is either unconnected or has no load
WARNING: [Synth 8-7129] Port WB_exception in module MMU is either unconnected or has no load
WARNING: [Synth 8-7129] Port Snoop_Req_TLB_Done in module MMU is either unconnected or has no load
WARNING: [Synth 8-7129] Port Snoop_TLB_Invalidate in module MMU is either unconnected or has no load
WARNING: [Synth 8-7129] Port Snoop_TLB_Addr[0] in module MMU is either unconnected or has no load
WARNING: [Synth 8-7129] Port Snoop_TLB_Addr[1] in module MMU is either unconnected or has no load
WARNING: [Synth 8-7129] Port Snoop_TLB_Addr[2] in module MMU is either unconnected or has no load
WARNING: [Synth 8-7129] Port Snoop_TLB_Addr[3] in module MMU is either unconnected or has no load
WARNING: [Synth 8-7129] Port Snoop_TLB_Addr[4] in module MMU is either unconnected or has no load
WARNING: [Synth 8-7129] Port Snoop_TLB_Addr[5] in module MMU is either unconnected or has no load
WARNING: [Synth 8-7129] Port Snoop_TLB_Addr[6] in module MMU is either unconnected or has no load
WARNING: [Synth 8-7129] Port Snoop_TLB_Addr[7] in module MMU is either unconnected or has no load
WARNING: [Synth 8-7129] Port Snoop_TLB_Addr[8] in module MMU is either unconnected or has no load
WARNING: [Synth 8-7129] Port Snoop_TLB_Addr[9] in module MMU is either unconnected or has no load
WARNING: [Synth 8-7129] Port Snoop_TLB_Addr[10] in module MMU is either unconnected or has no load
WARNING: [Synth 8-7129] Port Snoop_TLB_Addr[11] in module MMU is either unconnected or has no load
WARNING: [Synth 8-7129] Port Snoop_TLB_Addr[12] in module MMU is either unconnected or has no load
WARNING: [Synth 8-7129] Port Snoop_TLB_Addr[13] in module MMU is either unconnected or has no load
WARNING: [Synth 8-7129] Port Snoop_TLB_Addr[14] in module MMU is either unconnected or has no load
WARNING: [Synth 8-7129] Port Snoop_TLB_Addr[15] in module MMU is either unconnected or has no load
WARNING: [Synth 8-7129] Port Snoop_TLB_Addr[16] in module MMU is either unconnected or has no load
WARNING: [Synth 8-7129] Port Snoop_TLB_Addr[17] in module MMU is either unconnected or has no load
WARNING: [Synth 8-7129] Port Snoop_TLB_Addr[18] in module MMU is either unconnected or has no load
WARNING: [Synth 8-7129] Port Snoop_TLB_Addr[19] in module MMU is either unconnected or has no load
WARNING: [Synth 8-7129] Port Snoop_TLB_Addr[20] in module MMU is either unconnected or has no load
WARNING: [Synth 8-7129] Port Snoop_TLB_Addr[21] in module MMU is either unconnected or has no load
WARNING: [Synth 8-7129] Port Snoop_TLB_Addr[22] in module MMU is either unconnected or has no load
WARNING: [Synth 8-7129] Port Snoop_TLB_Addr[23] in module MMU is either unconnected or has no load
WARNING: [Synth 8-7129] Port Snoop_TLB_Addr[24] in module MMU is either unconnected or has no load
WARNING: [Synth 8-7129] Port Snoop_TLB_Addr[25] in module MMU is either unconnected or has no load
WARNING: [Synth 8-7129] Port Snoop_TLB_Addr[26] in module MMU is either unconnected or has no load
WARNING: [Synth 8-7129] Port Snoop_TLB_Addr[27] in module MMU is either unconnected or has no load
WARNING: [Synth 8-7129] Port Snoop_TLB_Addr[28] in module MMU is either unconnected or has no load
WARNING: [Synth 8-7129] Port Snoop_TLB_Addr[29] in module MMU is either unconnected or has no load
WARNING: [Synth 8-7129] Port Snoop_TLB_Addr[30] in module MMU is either unconnected or has no load
WARNING: [Synth 8-7129] Port Snoop_TLB_Addr[31] in module MMU is either unconnected or has no load
WARNING: [Synth 8-7129] Port Snoop_TLB_PID[0] in module MMU is either unconnected or has no load
WARNING: [Synth 8-7129] Port Snoop_TLB_PID[1] in module MMU is either unconnected or has no load
WARNING: [Synth 8-7129] Port Snoop_TLB_PID[2] in module MMU is either unconnected or has no load
INFO: [Common 17-14] Message 'Synth 8-7129' appears 100 times and further instances of the messages will be disabled. Use the Tcl command set_msg_config to change the current settings.
---------------------------------------------------------------------------------
Finished RTL Elaboration : Time (s): cpu = 00:00:19 ; elapsed = 00:00:21 . Memory (MB): peak = 2229.645 ; gain = 706.336 ; free physical = 126 ; free virtual = 2560
---------------------------------------------------------------------------------
---------------------------------------------------------------------------------
Start Handling Custom Attributes
---------------------------------------------------------------------------------
---------------------------------------------------------------------------------
Finished Handling Custom Attributes : Time (s): cpu = 00:00:20 ; elapsed = 00:00:21 . Memory (MB): peak = 2229.645 ; gain = 706.336 ; free physical = 136 ; free virtual = 2506
---------------------------------------------------------------------------------
---------------------------------------------------------------------------------
Finished RTL Optimization Phase 1 : Time (s): cpu = 00:00:20 ; elapsed = 00:00:21 . Memory (MB): peak = 2229.645 ; gain = 706.336 ; free physical = 136 ; free virtual = 2506
---------------------------------------------------------------------------------
Netlist sorting complete. Time (s): cpu = 00:00:00.26 ; elapsed = 00:00:00.26 . Memory (MB): peak = 2229.645 ; gain = 0.000 ; free physical = 371 ; free virtual = 2265
INFO: [Netlist 29-17] Analyzing 983 Unisim elements for replacement
INFO: [Netlist 29-28] Unisim Transformation completed in 0 CPU seconds
INFO: [Project 1-570] Preparing netlist for logic optimization

Processing XDC Constraints
Initializing timing engine
Parsing XDC File [/home/vid/Desktop/Projects/MicroBlaze_no_ram/MicroBlaze_no_ram.gen/sources_1/bd/system/ip/system_microblaze_0_3/system_microblaze_0_3_ooc_debug.xdc] for cell 'U0'
Finished Parsing XDC File [/home/vid/Desktop/Projects/MicroBlaze_no_ram/MicroBlaze_no_ram.gen/sources_1/bd/system/ip/system_microblaze_0_3/system_microblaze_0_3_ooc_debug.xdc] for cell 'U0'
Parsing XDC File [/home/vid/Desktop/Projects/MicroBlaze_no_ram/MicroBlaze_no_ram.gen/sources_1/bd/system/ip/system_microblaze_0_3/system_microblaze_0_3_ooc.xdc] for cell 'U0'
Finished Parsing XDC File [/home/vid/Desktop/Projects/MicroBlaze_no_ram/MicroBlaze_no_ram.gen/sources_1/bd/system/ip/system_microblaze_0_3/system_microblaze_0_3_ooc.xdc] for cell 'U0'
Parsing XDC File [/home/vid/Desktop/Projects/MicroBlaze_no_ram/MicroBlaze_no_ram.gen/sources_1/bd/system/ip/system_microblaze_0_3/system_microblaze_0_3.xdc] for cell 'U0'
Finished Parsing XDC File [/home/vid/Desktop/Projects/MicroBlaze_no_ram/MicroBlaze_no_ram.gen/sources_1/bd/system/ip/system_microblaze_0_3/system_microblaze_0_3.xdc] for cell 'U0'
INFO: [Project 1-236] Implementation specific constraints were found while reading constraint file [/home/vid/Desktop/Projects/MicroBlaze_no_ram/MicroBlaze_no_ram.gen/sources_1/bd/system/ip/system_microblaze_0_3/system_microblaze_0_3.xdc]. These constraints will be ignored for synthesis but will be used in implementation. Impacted constraints are listed in the file [.Xil/system_microblaze_0_3_propImpl.xdc].
Resolution: To avoid this warning, move constraints listed in [.Xil/system_microblaze_0_3_propImpl.xdc] to another XDC file and exclude this new file from synthesis with the used_in_synthesis property (File Properties dialog in GUI) and re-run elaboration/synthesis.
Parsing XDC File [/home/vid/Desktop/Projects/MicroBlaze_no_ram/MicroBlaze_no_ram.runs/system_microblaze_0_3_synth_1/dont_touch.xdc]
Finished Parsing XDC File [/home/vid/Desktop/Projects/MicroBlaze_no_ram/MicroBlaze_no_ram.runs/system_microblaze_0_3_synth_1/dont_touch.xdc]
Completed Processing XDC Constraints

Netlist sorting complete. Time (s): cpu = 00:00:00.01 ; elapsed = 00:00:00 . Memory (MB): peak = 2293.676 ; gain = 0.000 ; free physical = 736 ; free virtual = 2703
INFO: [Project 1-111] Unisim Transformation Summary:
  A total of 599 instances were transformed.
  FDR => FDRE: 134 instances
  FDS => FDSE: 1 instance 
  LUT6_2 => LUT6_2 (LUT5, LUT6): 96 instances
  MULT_AND => LUT2: 11 instances
  MUXCY_L => MUXCY: 341 instances
  RAM32M => RAM32M (RAMD32(x6), RAMS32(x2)): 16 instances

Constraint Validation Runtime : Time (s): cpu = 00:00:00.16 ; elapsed = 00:00:00.09 . Memory (MB): peak = 2293.676 ; gain = 0.000 ; free physical = 731 ; free virtual = 2698
INFO: [Designutils 20-5008] Incremental synthesis strategy off
---------------------------------------------------------------------------------
Finished Constraint Validation : Time (s): cpu = 00:00:29 ; elapsed = 00:00:30 . Memory (MB): peak = 2293.676 ; gain = 770.367 ; free physical = 793 ; free virtual = 2862
---------------------------------------------------------------------------------
---------------------------------------------------------------------------------
Start Loading Part and Timing Information
---------------------------------------------------------------------------------
Loading part: xc7a100tcsg324-1
---------------------------------------------------------------------------------
Finished Loading Part and Timing Information : Time (s): cpu = 00:00:29 ; elapsed = 00:00:30 . Memory (MB): peak = 2301.680 ; gain = 778.371 ; free physical = 793 ; free virtual = 2862
---------------------------------------------------------------------------------
---------------------------------------------------------------------------------
Start Applying 'set_property' XDC Constraints
---------------------------------------------------------------------------------
Applied set_property KEEP_HIERARCHY = SOFT for U0. (constraint file  /home/vid/Desktop/Projects/MicroBlaze_no_ram/MicroBlaze_no_ram.runs/system_microblaze_0_3_synth_1/dont_touch.xdc, line 9).
---------------------------------------------------------------------------------
Finished applying 'set_property' XDC Constraints : Time (s): cpu = 00:00:29 ; elapsed = 00:00:30 . Memory (MB): peak = 2301.680 ; gain = 778.371 ; free physical = 793 ; free virtual = 2863
---------------------------------------------------------------------------------
---------------------------------------------------------------------------------
Finished RTL Optimization Phase 2 : Time (s): cpu = 00:00:32 ; elapsed = 00:00:34 . Memory (MB): peak = 2301.680 ; gain = 778.371 ; free physical = 581 ; free virtual = 2859
---------------------------------------------------------------------------------
---------------------------------------------------------------------------------
Start RTL Component Statistics 
---------------------------------------------------------------------------------
---------------------------------------------------------------------------------
Finished RTL Component Statistics 
---------------------------------------------------------------------------------
---------------------------------------------------------------------------------
Start Part Resource Summary
---------------------------------------------------------------------------------
Part Resources:
DSPs: 240 (col length:80)
BRAMs: 270 (col length: RAMB18 80 RAMB36 40)
---------------------------------------------------------------------------------
Finished Part Resource Summary
---------------------------------------------------------------------------------
---------------------------------------------------------------------------------
Start Cross Boundary and Area Optimization
---------------------------------------------------------------------------------
WARNING: [Synth 8-7080] Parallel synthesis criteria is not met
---------------------------------------------------------------------------------
Finished Cross Boundary and Area Optimization : Time (s): cpu = 00:00:51 ; elapsed = 00:00:53 . Memory (MB): peak = 2301.680 ; gain = 778.371 ; free physical = 5370 ; free virtual = 9194
---------------------------------------------------------------------------------
---------------------------------------------------------------------------------
Start Applying XDC Timing Constraints
---------------------------------------------------------------------------------
---------------------------------------------------------------------------------
Finished Applying XDC Timing Constraints : Time (s): cpu = 00:00:56 ; elapsed = 00:00:58 . Memory (MB): peak = 2325.680 ; gain = 802.371 ; free physical = 5348 ; free virtual = 9176
---------------------------------------------------------------------------------
---------------------------------------------------------------------------------
Start Timing Optimization
---------------------------------------------------------------------------------
---------------------------------------------------------------------------------
Finished Timing Optimization : Time (s): cpu = 00:00:58 ; elapsed = 00:01:01 . Memory (MB): peak = 2403.742 ; gain = 880.434 ; free physical = 5158 ; free virtual = 8988
---------------------------------------------------------------------------------
---------------------------------------------------------------------------------
Start Technology Mapping
---------------------------------------------------------------------------------
---------------------------------------------------------------------------------
Finished Technology Mapping : Time (s): cpu = 00:01:00 ; elapsed = 00:01:03 . Memory (MB): peak = 2435.766 ; gain = 912.457 ; free physical = 5025 ; free virtual = 8856
---------------------------------------------------------------------------------
---------------------------------------------------------------------------------
Start IO Insertion
---------------------------------------------------------------------------------
---------------------------------------------------------------------------------
Start Flattening Before IO Insertion
---------------------------------------------------------------------------------
---------------------------------------------------------------------------------
Finished Flattening Before IO Insertion
---------------------------------------------------------------------------------
---------------------------------------------------------------------------------
Start Final Netlist Cleanup
---------------------------------------------------------------------------------
---------------------------------------------------------------------------------
Finished Final Netlist Cleanup
---------------------------------------------------------------------------------
---------------------------------------------------------------------------------
Finished IO Insertion : Time (s): cpu = 00:01:02 ; elapsed = 00:01:05 . Memory (MB): peak = 2534.578 ; gain = 1011.270 ; free physical = 5123 ; free virtual = 8953
---------------------------------------------------------------------------------
---------------------------------------------------------------------------------
Start Renaming Generated Instances
---------------------------------------------------------------------------------
---------------------------------------------------------------------------------
Finished Renaming Generated Instances : Time (s): cpu = 00:01:02 ; elapsed = 00:01:05 . Memory (MB): peak = 2534.578 ; gain = 1011.270 ; free physical = 5123 ; free virtual = 8953
---------------------------------------------------------------------------------
---------------------------------------------------------------------------------
Start Rebuilding User Hierarchy
---------------------------------------------------------------------------------
---------------------------------------------------------------------------------
Finished Rebuilding User Hierarchy : Time (s): cpu = 00:01:03 ; elapsed = 00:01:06 . Memory (MB): peak = 2534.578 ; gain = 1011.270 ; free physical = 5115 ; free virtual = 8945
---------------------------------------------------------------------------------
---------------------------------------------------------------------------------
Start Renaming Generated Ports
---------------------------------------------------------------------------------
---------------------------------------------------------------------------------
Finished Renaming Generated Ports : Time (s): cpu = 00:01:03 ; elapsed = 00:01:06 . Memory (MB): peak = 2534.578 ; gain = 1011.270 ; free physical = 5115 ; free virtual = 8945
---------------------------------------------------------------------------------
---------------------------------------------------------------------------------
Start Handling Custom Attributes
---------------------------------------------------------------------------------
---------------------------------------------------------------------------------
Finished Handling Custom Attributes : Time (s): cpu = 00:01:03 ; elapsed = 00:01:06 . Memory (MB): peak = 2534.578 ; gain = 1011.270 ; free physical = 5115 ; free virtual = 8945
---------------------------------------------------------------------------------
---------------------------------------------------------------------------------
Start Renaming Generated Nets
---------------------------------------------------------------------------------
---------------------------------------------------------------------------------
Finished Renaming Generated Nets : Time (s): cpu = 00:01:03 ; elapsed = 00:01:06 . Memory (MB): peak = 2534.578 ; gain = 1011.270 ; free physical = 5115 ; free virtual = 8945
---------------------------------------------------------------------------------
---------------------------------------------------------------------------------
Start Writing Synthesis Report
---------------------------------------------------------------------------------

DSP Final Report (the ' indicates corresponding REG is set)
+-------------------------------+--------------------+--------+--------+--------+--------+--------+------+------+------+------+-------+------+------+
|Module Name                    | DSP Mapping        | A Size | B Size | C Size | D Size | P Size | AREG | BREG | CREG | DREG | ADREG | MREG | PREG | 
+-------------------------------+--------------------+--------+--------+--------+--------+--------+------+------+------+------+-------+------+------+
|MB_DSP48E1__parameterized5     | (A*B)'             | 24     | 17     | -      | -      | 48     | 0    | 0    | -    | -    | -     | 1    | 0    | 
|MB_DSP48E1__parameterized7     | (PCIN>>17+(A*B)')' | 24     | 7      | -      | -      | 48     | 0    | 0    | -    | -    | -     | 1    | 1    | 
|MB_DSP48E1__parameterized1_573 | PCIN>>17+(A*B)'    | 30     | 17     | -      | -      | 48     | 0    | 0    | -    | -    | -     | 1    | 0    | 
|MB_DSP48E1__parameterized1     | PCIN+(A*B)'        | 17     | 18     | -      | -      | 48     | 0    | 0    | -    | -    | -     | 1    | 0    | 
|MB_DSP48E1__parameterized3     | (PCIN>>17+(A*B)')' | 30     | 18     | -      | -      | 48     | 0    | 0    | -    | -    | -     | 1    | 1    | 
|MB_DSP48E1                     | (A*B)'             | 17     | 17     | -      | -      | 48     | 0    | 0    | -    | -    | -     | 0    | 1    | 
+-------------------------------+--------------------+--------+--------+--------+--------+--------+------+------+------+------+-------+------+------+


Report BlackBoxes: 
+-+--------------+----------+
| |BlackBox name |Instances |
+-+--------------+----------+
+-+--------------+----------+

Report Cell Usage: 
+------+---------+------+
|      |Cell     |Count |
+------+---------+------+
|1     |AND2B1L  |     1|
|2     |CARRY4   |    44|
|3     |DSP48E1  |     6|
|8     |LUT1     |    52|
|9     |LUT2     |   250|
|10    |LUT3     |   588|
|11    |LUT4     |   400|
|12    |LUT5     |   546|
|13    |LUT6     |  1094|
|15    |MULT_AND |    10|
|16    |MUXCY_L  |   332|
|17    |MUXF7    |   117|
|18    |RAM32M   |    16|
|19    |RAMB36E1 |     1|
|20    |SRL16E   |    99|
|21    |SRLC16E  |     8|
|22    |SRLC32E  |     2|
|23    |XORCY    |   264|
|24    |FDCE     |     7|
|25    |FDR      |    99|
|26    |FDRE     |  2000|
|27    |FDS      |     1|
|28    |FDSE     |    73|
+------+---------+------+
---------------------------------------------------------------------------------
Finished Writing Synthesis Report : Time (s): cpu = 00:01:03 ; elapsed = 00:01:06 . Memory (MB): peak = 2534.578 ; gain = 1011.270 ; free physical = 5115 ; free virtual = 8945
---------------------------------------------------------------------------------
Synthesis finished with 0 errors, 0 critical warnings and 11013 warnings.
Synthesis Optimization Runtime : Time (s): cpu = 00:00:58 ; elapsed = 00:01:02 . Memory (MB): peak = 2534.578 ; gain = 947.238 ; free physical = 5110 ; free virtual = 8953
Synthesis Optimization Complete : Time (s): cpu = 00:01:03 ; elapsed = 00:01:06 . Memory (MB): peak = 2534.586 ; gain = 1011.270 ; free physical = 5110 ; free virtual = 8953
INFO: [Project 1-571] Translating synthesized netlist
Netlist sorting complete. Time (s): cpu = 00:00:00.07 ; elapsed = 00:00:00.07 . Memory (MB): peak = 2534.586 ; gain = 0.000 ; free physical = 5290 ; free virtual = 9134
INFO: [Netlist 29-17] Analyzing 970 Unisim elements for replacement
INFO: [Netlist 29-28] Unisim Transformation completed in 0 CPU seconds
INFO: [Project 1-570] Preparing netlist for logic optimization
INFO: [Opt 31-138] Pushed 0 inverter(s) to 0 load pin(s).
Netlist sorting complete. Time (s): cpu = 00:00:00 ; elapsed = 00:00:00.01 . Memory (MB): peak = 2590.605 ; gain = 0.000 ; free physical = 5295 ; free virtual = 9139
INFO: [Project 1-111] Unisim Transformation Summary:
  A total of 298 instances were transformed.
  (MUXCY,XORCY) => CARRY4: 92 instances
  FDR => FDRE: 99 instances
  FDS => FDSE: 1 instance 
  LUT6_2 => LUT6_2 (LUT5, LUT6): 80 instances
  MULT_AND => LUT2: 10 instances
  RAM32M => RAM32M (RAMD32(x6), RAMS32(x2)): 16 instances

Synth Design complete | Checksum: 7b1d8da4
INFO: [Common 17-83] Releasing license: Synthesis
24 Infos, 101 Warnings, 0 Critical Warnings and 0 Errors encountered.
synth_design completed successfully
synth_design: Time (s): cpu = 00:01:10 ; elapsed = 00:01:11 . Memory (MB): peak = 2590.605 ; gain = 1212.621 ; free physical = 5296 ; free virtual = 9140
INFO: [Common 17-2834] synth_design peak Physical Memory [PSS] (MB): overall = 1499.517; main = 1442.281; forked = 231.884
INFO: [Common 17-2834] synth_design peak Virtual Memory [VSS] (MB): overall = 3346.148; main = 2590.609; forked = 942.402
Write ShapeDB Complete: Time (s): cpu = 00:00:00.01 ; elapsed = 00:00:00 . Memory (MB): peak = 2614.617 ; gain = 0.000 ; free physical = 5294 ; free virtual = 9139
INFO: [Common 17-1381] The checkpoint '/home/vid/Desktop/Projects/MicroBlaze_no_ram/MicroBlaze_no_ram.runs/system_microblaze_0_3_synth_1/system_microblaze_0_3.dcp' has been generated.
INFO: [Coretcl 2-1648] Added synthesis output to IP cache for IP system_microblaze_0_3, cache-ID = d504b0b1f0194641
INFO: [Coretcl 2-1174] Renamed 1004 cell refs.
Write ShapeDB Complete: Time (s): cpu = 00:00:00.02 ; elapsed = 00:00:00 . Memory (MB): peak = 2614.617 ; gain = 0.000 ; free physical = 5257 ; free virtual = 9130
INFO: [Common 17-1381] The checkpoint '/home/vid/Desktop/Projects/MicroBlaze_no_ram/MicroBlaze_no_ram.runs/system_microblaze_0_3_synth_1/system_microblaze_0_3.dcp' has been generated.
INFO: [Vivado 12-24828] Executing command : report_utilization -file system_microblaze_0_3_utilization_synth.rpt -pb system_microblaze_0_3_utilization_synth.pb
INFO: [Common 17-206] Exiting Vivado at Thu May 22 15:36:37 2025...
