
*** Running vivado
    with args -log system_dlmb_v10_3.vds -m64 -product Vivado -mode batch -messageDb vivado.pb -notrace -source system_dlmb_v10_3.tcl


****** Vivado v2024.2 (64-bit)
  **** SW Build 5239630 on Fri Nov 08 22:34:34 MST 2024
  **** IP Build 5239520 on Sun Nov 10 16:12:51 MST 2024
  **** SharedData Build 5239561 on Fri Nov 08 14:39:27 MST 2024
  **** Start of session at: Thu May 22 15:36:40 2025
    ** Copyright 1986-2022 Xilinx, Inc. All Rights Reserved.
    ** Copyright 2022-2024 Advanced Micro Devices, Inc. All Rights Reserved.

source system_dlmb_v10_3.tcl -notrace
INFO: [Common 17-1565] set_msg_config should not be used to change the severity of DRC/METHODOLOGY checks. Please use the 'set_property SEVERITY <NEW_SEVERITY> [get_<drc|methodology>_checks <ID>]' command instead.
INFO: [Common 17-1565] set_msg_config should not be used to change the severity of DRC/METHODOLOGY checks. Please use the 'set_property SEVERITY <NEW_SEVERITY> [get_<drc|methodology>_checks <ID>]' command instead.
INFO: [IP_Flow 19-6924] IPCACHE: Running cache check for IP inst: system_dlmb_v10_3
INFO: [IP_Flow 19-6922] IPCACHE: Exporting cached entry 2435387c87fc2b8d to dir: /home/vid/Desktop/Projects/MicroBlaze_no_ram/MicroBlaze_no_ram.runs/system_dlmb_v10_3_synth_1
INFO: [IP_Flow 19-6928] IPCACHE: copied cached file /home/vid/Desktop/Projects/MicroBlaze_no_ram/MicroBlaze_no_ram.cache/ip/2024.2/2/4/2435387c87fc2b8d/system_ilmb_v10_3_stub.vhdl to /home/vid/Desktop/Projects/MicroBlaze_no_ram/MicroBlaze_no_ram.runs/system_dlmb_v10_3_synth_1/system_dlmb_v10_3_stub.vhdl.
INFO: [IP_Flow 19-6928] IPCACHE: copied cached file /home/vid/Desktop/Projects/MicroBlaze_no_ram/MicroBlaze_no_ram.cache/ip/2024.2/2/4/2435387c87fc2b8d/system_ilmb_v10_3_sim_netlist.v to /home/vid/Desktop/Projects/MicroBlaze_no_ram/MicroBlaze_no_ram.runs/system_dlmb_v10_3_synth_1/system_dlmb_v10_3_sim_netlist.v.
INFO: [IP_Flow 19-6928] IPCACHE: copied cached file /home/vid/Desktop/Projects/MicroBlaze_no_ram/MicroBlaze_no_ram.cache/ip/2024.2/2/4/2435387c87fc2b8d/system_ilmb_v10_3_sim_netlist.vhdl to /home/vid/Desktop/Projects/MicroBlaze_no_ram/MicroBlaze_no_ram.runs/system_dlmb_v10_3_synth_1/system_dlmb_v10_3_sim_netlist.vhdl.
INFO: [IP_Flow 19-6928] IPCACHE: copied cached file /home/vid/Desktop/Projects/MicroBlaze_no_ram/MicroBlaze_no_ram.cache/ip/2024.2/2/4/2435387c87fc2b8d/system_ilmb_v10_3.dcp to /home/vid/Desktop/Projects/MicroBlaze_no_ram/MicroBlaze_no_ram.runs/system_dlmb_v10_3_synth_1/system_dlmb_v10_3.dcp.
INFO: [IP_Flow 19-6928] IPCACHE: copied cached file /home/vid/Desktop/Projects/MicroBlaze_no_ram/MicroBlaze_no_ram.cache/ip/2024.2/2/4/2435387c87fc2b8d/system_ilmb_v10_3_stub.v to /home/vid/Desktop/Projects/MicroBlaze_no_ram/MicroBlaze_no_ram.runs/system_dlmb_v10_3_synth_1/system_dlmb_v10_3_stub.v.
INFO: [IP_Flow 19-4838] Using cached IP synthesis design for IP system_dlmb_v10_3, cache-ID = 2435387c87fc2b8d.
INFO: [Common 17-206] Exiting Vivado at Thu May 22 15:36:45 2025...
