
*** Running vivado
    with args -log microblaze_v_preset_mdm_riscv_0_0.vds -m64 -product Vivado -mode batch -messageDb vivado.pb -notrace -source microblaze_v_preset_mdm_riscv_0_0.tcl


****** Vivado v2024.2 (64-bit)
  **** SW Build 5239630 on Fri Nov 08 22:34:34 MST 2024
  **** IP Build 5239520 on Sun Nov 10 16:12:51 MST 2024
  **** SharedData Build 5239561 on Fri Nov 08 14:39:27 MST 2024
  **** Start of session at: Fri May 23 12:58:44 2025
    ** Copyright 1986-2022 Xilinx, Inc. All Rights Reserved.
    ** Copyright 2022-2024 Advanced Micro Devices, Inc. All Rights Reserved.

source microblaze_v_preset_mdm_riscv_0_0.tcl -notrace
INFO: [Common 17-1565] set_msg_config should not be used to change the severity of DRC/METHODOLOGY checks. Please use the 'set_property SEVERITY <NEW_SEVERITY> [get_<drc|methodology>_checks <ID>]' command instead.
INFO: [IP_Flow 19-6924] IPCACHE: Running cache check for IP inst: microblaze_v_preset_mdm_riscv_0_0
Command: synth_design -top microblaze_v_preset_mdm_riscv_0_0 -part xc7a100tcsg324-1 -incremental_mode off -mode out_of_context
Starting synth_design
Attempting to get a license for feature 'Synthesis' and/or device 'xc7a100t'
INFO: [Common 17-349] Got license for feature 'Synthesis' and/or device 'xc7a100t'
INFO: [Device 21-403] Loading part xc7a100tcsg324-1
INFO: [Synth 8-7079] Multithreading enabled for synth_design using a maximum of 7 processes.
INFO: [Synth 8-7078] Launching helper process for spawning children vivado processes
INFO: [Synth 8-7075] Helper process launched with PID 252791
---------------------------------------------------------------------------------
Starting RTL Elaboration : Time (s): cpu = 00:00:03 ; elapsed = 00:00:03 . Memory (MB): peak = 1947.930 ; gain = 421.797 ; free physical = 5375 ; free virtual = 10597
---------------------------------------------------------------------------------
INFO: [Synth 8-638] synthesizing module 'microblaze_v_preset_mdm_riscv_0_0' [/home/vid/Desktop/Projects/MicroBlaze-V_no_ram/MicroBlaze-V_no_ram.gen/sources_1/bd/microblaze_v_preset/ip/microblaze_v_preset_mdm_riscv_0_0/synth/microblaze_v_preset_mdm_riscv_0_0.vhd:74]
	Parameter C_FAMILY bound to: artix7 - type: string 
	Parameter C_DEVICE bound to: xc7a100t - type: string 
	Parameter C_JTAG_CHAIN bound to: 2 - type: integer 
	Parameter C_USE_BSCAN bound to: 0 - type: integer 
	Parameter C_BSCANID bound to: 0 - type: integer 
	Parameter C_USE_BSCAN_SWITCH bound to: 0 - type: integer 
	Parameter C_USE_JTAG_BSCAN bound to: 1 - type: integer 
	Parameter C_DTM_IDCODE bound to: 147 - type: integer 
	Parameter C_DEBUG_INTERFACE bound to: 0 - type: integer 
	Parameter C_USE_CONFIG_RESET bound to: 0 - type: integer 
	Parameter C_AVOID_PRIMITIVES bound to: 0 - type: integer 
	Parameter C_INTERCONNECT bound to: 2 - type: integer 
	Parameter C_MB_DBG_PORTS bound to: 1 - type: integer 
	Parameter C_USE_UART bound to: 0 - type: integer 
	Parameter C_DBG_REG_ACCESS bound to: 0 - type: integer 
	Parameter C_DBG_MEM_ACCESS bound to: 0 - type: integer 
	Parameter C_USE_CROSS_TRIGGER bound to: 0 - type: integer 
	Parameter C_EXT_TRIG_RESET_VALUE bound to: 20'b11110001001000110100 
	Parameter C_TRACE_OUTPUT bound to: 0 - type: integer 
	Parameter C_TRACE_DATA_WIDTH bound to: 32 - type: integer 
	Parameter C_TRACE_CLK_FREQ_HZ bound to: 200000000 - type: integer 
	Parameter C_TRACE_CLK_OUT_PHASE bound to: 90 - type: integer 
	Parameter C_TRACE_ASYNC_RESET bound to: 0 - type: integer 
	Parameter C_TRACE_PROTOCOL bound to: 1 - type: integer 
	Parameter C_TRACE_ID bound to: 110 - type: integer 
	Parameter C_S_AXI_ADDR_WIDTH bound to: 4 - type: integer 
	Parameter C_S_AXI_DATA_WIDTH bound to: 32 - type: integer 
	Parameter C_S_AXI_ACLK_FREQ_HZ bound to: 100000000 - type: integer 
	Parameter C_M_AXI_ADDR_WIDTH bound to: 32 - type: integer 
	Parameter C_M_AXI_DATA_WIDTH bound to: 32 - type: integer 
	Parameter C_M_AXI_THREAD_ID_WIDTH bound to: 1 - type: integer 
	Parameter C_ADDR_SIZE bound to: 32 - type: integer 
	Parameter C_DATA_SIZE bound to: 32 - type: integer 
	Parameter C_LMB_PROTOCOL bound to: 0 - type: integer 
	Parameter C_M_AXIS_DATA_WIDTH bound to: 32 - type: integer 
	Parameter C_M_AXIS_ID_WIDTH bound to: 7 - type: integer 
INFO: [Synth 8-3491] module 'MDM_RISCV' declared at '/home/vid/Desktop/Projects/MicroBlaze-V_no_ram/MicroBlaze-V_no_ram.gen/sources_1/bd/microblaze_v_preset/ipshared/d547/hdl/mdm_riscv_v1_0_vh_rfs.vhd:10836' bound to instance 'U0' of component 'mdm_riscv' [/home/vid/Desktop/Projects/MicroBlaze-V_no_ram/MicroBlaze-V_no_ram.gen/sources_1/bd/microblaze_v_preset/ip/microblaze_v_preset_mdm_riscv_0_0/synth/microblaze_v_preset_mdm_riscv_0_0.vhd:1662]
INFO: [Synth 8-638] synthesizing module 'MDM_RISCV' [/home/vid/Desktop/Projects/MicroBlaze-V_no_ram/MicroBlaze-V_no_ram.gen/sources_1/bd/microblaze_v_preset/ipshared/d547/hdl/mdm_riscv_v1_0_vh_rfs.vhd:12521]
	Parameter C_TARGET bound to: 2 - type: integer 
	Parameter DISABLE_JTAG bound to: FALSE - type: string 
	Parameter JTAG_CHAIN bound to: 2 - type: integer 
INFO: [Synth 8-3491] module 'MB_BSCANE2' declared at '/home/vid/Desktop/Projects/MicroBlaze-V_no_ram/MicroBlaze-V_no_ram.gen/sources_1/bd/microblaze_v_preset/ipshared/d547/hdl/mdm_riscv_v1_0_vh_rfs.vhd:510' bound to instance 'BSCAN_I' of component 'MB_BSCANE2' [/home/vid/Desktop/Projects/MicroBlaze-V_no_ram/MicroBlaze-V_no_ram.gen/sources_1/bd/microblaze_v_preset/ipshared/d547/hdl/mdm_riscv_v1_0_vh_rfs.vhd:14162]
INFO: [Synth 8-638] synthesizing module 'MB_BSCANE2' [/home/vid/Desktop/Projects/MicroBlaze-V_no_ram/MicroBlaze-V_no_ram.gen/sources_1/bd/microblaze_v_preset/ipshared/d547/hdl/mdm_riscv_v1_0_vh_rfs.vhd:534]
	Parameter DISABLE_JTAG bound to: FALSE - type: string 
	Parameter JTAG_CHAIN bound to: 2 - type: integer 
	Parameter C_TARGET bound to: 2 - type: integer 
	Parameter INIT bound to: 2'b10 
INFO: [Synth 8-3491] module 'MB_LUT1' declared at '/home/vid/Desktop/Projects/MicroBlaze-V_no_ram/MicroBlaze-V_no_ram.gen/sources_1/bd/microblaze_v_preset/ipshared/d547/hdl/mdm_riscv_v1_0_vh_rfs.vhd:1735' bound to instance 'LUT1_I' of component 'MB_LUT1' [/home/vid/Desktop/Projects/MicroBlaze-V_no_ram/MicroBlaze-V_no_ram.gen/sources_1/bd/microblaze_v_preset/ipshared/d547/hdl/mdm_riscv_v1_0_vh_rfs.vhd:14180]
INFO: [Synth 8-638] synthesizing module 'MB_LUT1' [/home/vid/Desktop/Projects/MicroBlaze-V_no_ram/MicroBlaze-V_no_ram.gen/sources_1/bd/microblaze_v_preset/ipshared/d547/hdl/mdm_riscv_v1_0_vh_rfs.vhd:1749]
	Parameter INIT bound to: 2'b10 
INFO: [Synth 8-3491] module 'xil_scan_reset_control' declared at '/home/vid/Desktop/Projects/MicroBlaze-V_no_ram/MicroBlaze-V_no_ram.gen/sources_1/bd/microblaze_v_preset/ipshared/d547/hdl/mdm_riscv_v1_0_vh_rfs.vhd:319' bound to instance 'config_with_scan_reset_i' of component 'xil_scan_reset_control' [/home/vid/Desktop/Projects/MicroBlaze-V_no_ram/MicroBlaze-V_no_ram.gen/sources_1/bd/microblaze_v_preset/ipshared/d547/hdl/mdm_riscv_v1_0_vh_rfs.vhd:14224]
INFO: [Synth 8-638] synthesizing module 'xil_scan_reset_control' [/home/vid/Desktop/Projects/MicroBlaze-V_no_ram/MicroBlaze-V_no_ram.gen/sources_1/bd/microblaze_v_preset/ipshared/d547/hdl/mdm_riscv_v1_0_vh_rfs.vhd:328]
	Parameter C_TARGET bound to: 2 - type: integer 
INFO: [Synth 8-3491] module 'MB_BUFGCE_1' declared at '/home/vid/Desktop/Projects/MicroBlaze-V_no_ram/MicroBlaze-V_no_ram.gen/sources_1/bd/microblaze_v_preset/ipshared/d547/hdl/mdm_riscv_v1_0_vh_rfs.vhd:621' bound to instance 'BUFG_JTAG_TCK' of component 'MB_BUFGCE_1' [/home/vid/Desktop/Projects/MicroBlaze-V_no_ram/MicroBlaze-V_no_ram.gen/sources_1/bd/microblaze_v_preset/ipshared/d547/hdl/mdm_riscv_v1_0_vh_rfs.vhd:14620]
INFO: [Synth 8-638] synthesizing module 'MB_BUFGCE_1' [/home/vid/Desktop/Projects/MicroBlaze-V_no_ram/MicroBlaze-V_no_ram.gen/sources_1/bd/microblaze_v_preset/ipshared/d547/hdl/mdm_riscv_v1_0_vh_rfs.vhd:635]
	Parameter C_TARGET bound to: 2 - type: integer 
	Parameter C_JTAG_CHAIN bound to: 2 - type: integer 
	Parameter C_USE_BSCAN bound to: 0 - type: integer 
	Parameter C_DTM_IDCODE bound to: 147 - type: integer 
	Parameter C_USE_CONFIG_RESET bound to: 0 - type: integer 
	Parameter C_USE_SRL16 bound to: yes - type: string 
	Parameter C_DEBUG_INTERFACE bound to: 0 - type: integer 
	Parameter C_MB_DBG_PORTS bound to: 1 - type: integer 
	Parameter C_EN_WIDTH bound to: 1 - type: integer 
	Parameter C_DBG_REG_ACCESS bound to: 0 - type: integer 
	Parameter C_REG_NUM_CE bound to: 1 - type: integer 
	Parameter C_REG_DATA_WIDTH bound to: 32 - type: integer 
	Parameter C_DBG_MEM_ACCESS bound to: 0 - type: integer 
	Parameter C_S_AXI_ADDR_WIDTH bound to: 4 - type: integer 
	Parameter C_S_AXI_ACLK_FREQ_HZ bound to: 100000000 - type: integer 
	Parameter C_M_AXI_ADDR_WIDTH bound to: 32 - type: integer 
	Parameter C_M_AXI_DATA_WIDTH bound to: 32 - type: integer 
	Parameter C_USE_CROSS_TRIGGER bound to: 0 - type: integer 
	Parameter C_EXT_TRIG_RESET_VALUE bound to: 20'b11110001001000110100 
	Parameter C_TRACE_OUTPUT bound to: 0 - type: integer 
	Parameter C_USE_UART bound to: 0 - type: integer 
	Parameter C_UART_WIDTH bound to: 8 - type: integer 
	Parameter C_M_AXIS_DATA_WIDTH bound to: 32 - type: integer 
	Parameter C_M_AXIS_ID_WIDTH bound to: 7 - type: integer 
INFO: [Synth 8-3491] module 'MDM_Core' declared at '/home/vid/Desktop/Projects/MicroBlaze-V_no_ram/MicroBlaze-V_no_ram.gen/sources_1/bd/microblaze_v_preset/ipshared/d547/hdl/mdm_riscv_v1_0_vh_rfs.vhd:5226' bound to instance 'MDM_Core_I1' of component 'MDM_Core' [/home/vid/Desktop/Projects/MicroBlaze-V_no_ram/MicroBlaze-V_no_ram.gen/sources_1/bd/microblaze_v_preset/ipshared/d547/hdl/mdm_riscv_v1_0_vh_rfs.vhd:14780]
INFO: [Synth 8-638] synthesizing module 'MDM_Core' [/home/vid/Desktop/Projects/MicroBlaze-V_no_ram/MicroBlaze-V_no_ram.gen/sources_1/bd/microblaze_v_preset/ipshared/d547/hdl/mdm_riscv_v1_0_vh_rfs.vhd:6464]
	Parameter C_TARGET bound to: 2 - type: integer 
	Parameter C_USE_BSCAN bound to: 0 - type: integer 
	Parameter C_DTM_IDCODE bound to: 147 - type: integer 
	Parameter C_MB_DBG_PORTS bound to: 1 - type: integer 
	Parameter C_USE_CONFIG_RESET bound to: 0 - type: integer 
	Parameter C_USE_SRL16 bound to: yes - type: string 
	Parameter C_DEBUG_INTERFACE bound to: 0 - type: integer 
	Parameter C_DBG_REG_ACCESS bound to: 0 - type: integer 
	Parameter C_DBG_MEM_ACCESS bound to: 0 - type: integer 
	Parameter C_M_AXI_ADDR_WIDTH bound to: 32 - type: integer 
	Parameter C_M_AXI_DATA_WIDTH bound to: 32 - type: integer 
	Parameter C_USE_CROSS_TRIGGER bound to: 0 - type: integer 
	Parameter C_EXT_TRIG_RESET_VALUE bound to: 20'b11110001001000110100 
	Parameter C_TRACE_OUTPUT bound to: 0 - type: integer 
	Parameter C_USE_UART bound to: 0 - type: integer 
	Parameter C_UART_WIDTH bound to: 8 - type: integer 
	Parameter C_EN_WIDTH bound to: 1 - type: integer 
INFO: [Synth 8-3491] module 'JTAG_CONTROL' declared at '/home/vid/Desktop/Projects/MicroBlaze-V_no_ram/MicroBlaze-V_no_ram.gen/sources_1/bd/microblaze_v_preset/ipshared/d547/hdl/mdm_riscv_v1_0_vh_rfs.vhd:3265' bound to instance 'JTAG_CONTROL_I' of component 'JTAG_CONTROL' [/home/vid/Desktop/Projects/MicroBlaze-V_no_ram/MicroBlaze-V_no_ram.gen/sources_1/bd/microblaze_v_preset/ipshared/d547/hdl/mdm_riscv_v1_0_vh_rfs.vhd:7942]
INFO: [Synth 8-638] synthesizing module 'JTAG_CONTROL' [/home/vid/Desktop/Projects/MicroBlaze-V_no_ram/MicroBlaze-V_no_ram.gen/sources_1/bd/microblaze_v_preset/ipshared/d547/hdl/mdm_riscv_v1_0_vh_rfs.vhd:3507]
WARNING: [Synth 8-6774] Null subtype or type declaration found [/home/vid/Desktop/Projects/MicroBlaze-V_no_ram/MicroBlaze-V_no_ram.gen/sources_1/bd/microblaze_v_preset/ipshared/d547/hdl/mdm_riscv_v1_0_vh_rfs.vhd:3651]
CRITICAL WARNING: [Synth 8-3919] null assignment ignored [/home/vid/Desktop/Projects/MicroBlaze-V_no_ram/MicroBlaze-V_no_ram.gen/sources_1/bd/microblaze_v_preset/ipshared/d547/hdl/mdm_riscv_v1_0_vh_rfs.vhd:3651]
INFO: [Synth 8-3491] module 'xil_scan_reset_control' declared at '/home/vid/Desktop/Projects/MicroBlaze-V_no_ram/MicroBlaze-V_no_ram.gen/sources_1/bd/microblaze_v_preset/ipshared/d547/hdl/mdm_riscv_v1_0_vh_rfs.vhd:319' bound to instance 'config_with_scan_reset_i' of component 'xil_scan_reset_control' [/home/vid/Desktop/Projects/MicroBlaze-V_no_ram/MicroBlaze-V_no_ram.gen/sources_1/bd/microblaze_v_preset/ipshared/d547/hdl/mdm_riscv_v1_0_vh_rfs.vhd:3676]
	Parameter C_TARGET bound to: 2 - type: integer 
INFO: [Synth 8-3491] module 'MB_BUFGCE_1' declared at '/home/vid/Desktop/Projects/MicroBlaze-V_no_ram/MicroBlaze-V_no_ram.gen/sources_1/bd/microblaze_v_preset/ipshared/d547/hdl/mdm_riscv_v1_0_vh_rfs.vhd:621' bound to instance 'BUFG_DRCK' of component 'MB_BUFGCE_1' [/home/vid/Desktop/Projects/MicroBlaze-V_no_ram/MicroBlaze-V_no_ram.gen/sources_1/bd/microblaze_v_preset/ipshared/d547/hdl/mdm_riscv_v1_0_vh_rfs.vhd:3914]
	Parameter C_TARGET bound to: 2 - type: integer 
INFO: [Synth 8-3491] module 'MB_BUFG' declared at '/home/vid/Desktop/Projects/MicroBlaze-V_no_ram/MicroBlaze-V_no_ram.gen/sources_1/bd/microblaze_v_preset/ipshared/d547/hdl/mdm_riscv_v1_0_vh_rfs.vhd:572' bound to instance 'BUFG_UPDATE' of component 'MB_BUFG' [/home/vid/Desktop/Projects/MicroBlaze-V_no_ram/MicroBlaze-V_no_ram.gen/sources_1/bd/microblaze_v_preset/ipshared/d547/hdl/mdm_riscv_v1_0_vh_rfs.vhd:3926]
INFO: [Synth 8-638] synthesizing module 'MB_BUFG' [/home/vid/Desktop/Projects/MicroBlaze-V_no_ram/MicroBlaze-V_no_ram.gen/sources_1/bd/microblaze_v_preset/ipshared/d547/hdl/mdm_riscv_v1_0_vh_rfs.vhd:585]
	Parameter C_TARGET bound to: 2 - type: integer 
CRITICAL WARNING: [Synth 8-3919] null assignment ignored [/home/vid/Desktop/Projects/MicroBlaze-V_no_ram/MicroBlaze-V_no_ram.gen/sources_1/bd/microblaze_v_preset/ipshared/d547/hdl/mdm_riscv_v1_0_vh_rfs.vhd:4272]
WARNING: [Synth 8-7129] Port Clk in module JTAG_CONTROL is either unconnected or has no load
WARNING: [Synth 8-7129] Port Rst in module JTAG_CONTROL is either unconnected or has no load
WARNING: [Synth 8-7129] Port Read_RX_FIFO in module JTAG_CONTROL is either unconnected or has no load
WARNING: [Synth 8-7129] Port Reset_RX_FIFO in module JTAG_CONTROL is either unconnected or has no load
WARNING: [Synth 8-7129] Port Write_TX_FIFO in module JTAG_CONTROL is either unconnected or has no load
WARNING: [Synth 8-7129] Port Reset_TX_FIFO in module JTAG_CONTROL is either unconnected or has no load
WARNING: [Synth 8-7129] Port TX_Data[0] in module JTAG_CONTROL is either unconnected or has no load
WARNING: [Synth 8-7129] Port TX_Data[1] in module JTAG_CONTROL is either unconnected or has no load
WARNING: [Synth 8-7129] Port TX_Data[2] in module JTAG_CONTROL is either unconnected or has no load
WARNING: [Synth 8-7129] Port TX_Data[3] in module JTAG_CONTROL is either unconnected or has no load
WARNING: [Synth 8-7129] Port TX_Data[4] in module JTAG_CONTROL is either unconnected or has no load
WARNING: [Synth 8-7129] Port TX_Data[5] in module JTAG_CONTROL is either unconnected or has no load
WARNING: [Synth 8-7129] Port TX_Data[6] in module JTAG_CONTROL is either unconnected or has no load
WARNING: [Synth 8-7129] Port TX_Data[7] in module JTAG_CONTROL is either unconnected or has no load
WARNING: [Synth 8-7129] Port M_AXI_ACLK in module JTAG_CONTROL is either unconnected or has no load
WARNING: [Synth 8-7129] Port M_AXI_ARESETn in module JTAG_CONTROL is either unconnected or has no load
WARNING: [Synth 8-7129] Port Master_rd_idle in module JTAG_CONTROL is either unconnected or has no load
WARNING: [Synth 8-7129] Port Master_rd_resp[1] in module JTAG_CONTROL is either unconnected or has no load
WARNING: [Synth 8-7129] Port Master_rd_resp[0] in module JTAG_CONTROL is either unconnected or has no load
WARNING: [Synth 8-7129] Port Master_wr_idle in module JTAG_CONTROL is either unconnected or has no load
WARNING: [Synth 8-7129] Port Master_wr_resp[1] in module JTAG_CONTROL is either unconnected or has no load
WARNING: [Synth 8-7129] Port Master_wr_resp[0] in module JTAG_CONTROL is either unconnected or has no load
WARNING: [Synth 8-7129] Port Master_data_out[31] in module JTAG_CONTROL is either unconnected or has no load
WARNING: [Synth 8-7129] Port Master_data_out[30] in module JTAG_CONTROL is either unconnected or has no load
WARNING: [Synth 8-7129] Port Master_data_out[29] in module JTAG_CONTROL is either unconnected or has no load
WARNING: [Synth 8-7129] Port Master_data_out[28] in module JTAG_CONTROL is either unconnected or has no load
WARNING: [Synth 8-7129] Port Master_data_out[27] in module JTAG_CONTROL is either unconnected or has no load
WARNING: [Synth 8-7129] Port Master_data_out[26] in module JTAG_CONTROL is either unconnected or has no load
WARNING: [Synth 8-7129] Port Master_data_out[25] in module JTAG_CONTROL is either unconnected or has no load
WARNING: [Synth 8-7129] Port Master_data_out[24] in module JTAG_CONTROL is either unconnected or has no load
WARNING: [Synth 8-7129] Port Master_data_out[23] in module JTAG_CONTROL is either unconnected or has no load
WARNING: [Synth 8-7129] Port Master_data_out[22] in module JTAG_CONTROL is either unconnected or has no load
WARNING: [Synth 8-7129] Port Master_data_out[21] in module JTAG_CONTROL is either unconnected or has no load
WARNING: [Synth 8-7129] Port Master_data_out[20] in module JTAG_CONTROL is either unconnected or has no load
WARNING: [Synth 8-7129] Port Master_data_out[19] in module JTAG_CONTROL is either unconnected or has no load
WARNING: [Synth 8-7129] Port Master_data_out[18] in module JTAG_CONTROL is either unconnected or has no load
WARNING: [Synth 8-7129] Port Master_data_out[17] in module JTAG_CONTROL is either unconnected or has no load
WARNING: [Synth 8-7129] Port Master_data_out[16] in module JTAG_CONTROL is either unconnected or has no load
WARNING: [Synth 8-7129] Port Master_data_out[15] in module JTAG_CONTROL is either unconnected or has no load
WARNING: [Synth 8-7129] Port Master_data_out[14] in module JTAG_CONTROL is either unconnected or has no load
WARNING: [Synth 8-7129] Port Master_data_out[13] in module JTAG_CONTROL is either unconnected or has no load
WARNING: [Synth 8-7129] Port Master_data_out[12] in module JTAG_CONTROL is either unconnected or has no load
WARNING: [Synth 8-7129] Port Master_data_out[11] in module JTAG_CONTROL is either unconnected or has no load
WARNING: [Synth 8-7129] Port Master_data_out[10] in module JTAG_CONTROL is either unconnected or has no load
WARNING: [Synth 8-7129] Port Master_data_out[9] in module JTAG_CONTROL is either unconnected or has no load
WARNING: [Synth 8-7129] Port Master_data_out[8] in module JTAG_CONTROL is either unconnected or has no load
WARNING: [Synth 8-7129] Port Master_data_out[7] in module JTAG_CONTROL is either unconnected or has no load
WARNING: [Synth 8-7129] Port Master_data_out[6] in module JTAG_CONTROL is either unconnected or has no load
WARNING: [Synth 8-7129] Port Master_data_out[5] in module JTAG_CONTROL is either unconnected or has no load
WARNING: [Synth 8-7129] Port Master_data_out[4] in module JTAG_CONTROL is either unconnected or has no load
WARNING: [Synth 8-7129] Port Master_data_out[3] in module JTAG_CONTROL is either unconnected or has no load
WARNING: [Synth 8-7129] Port Master_data_out[2] in module JTAG_CONTROL is either unconnected or has no load
WARNING: [Synth 8-7129] Port Master_data_out[1] in module JTAG_CONTROL is either unconnected or has no load
WARNING: [Synth 8-7129] Port Master_data_out[0] in module JTAG_CONTROL is either unconnected or has no load
WARNING: [Synth 8-7129] Port Master_data_exists in module JTAG_CONTROL is either unconnected or has no load
WARNING: [Synth 8-7129] Port Master_data_empty in module JTAG_CONTROL is either unconnected or has no load
WARNING: [Synth 8-7129] Port Master_dwr_done in module JTAG_CONTROL is either unconnected or has no load
WARNING: [Synth 8-7129] Port Master_dwr_resp[1] in module JTAG_CONTROL is either unconnected or has no load
WARNING: [Synth 8-7129] Port Master_dwr_resp[0] in module JTAG_CONTROL is either unconnected or has no load
WARNING: [Synth 8-7129] Port Dbg_All_TDO in module JTAG_CONTROL is either unconnected or has no load
WARNING: [Synth 8-7129] Port Dbg_TDO_I[1] in module JTAG_CONTROL is either unconnected or has no load
WARNING: [Synth 8-7129] Port Dbg_TDO_I[2] in module JTAG_CONTROL is either unconnected or has no load
WARNING: [Synth 8-7129] Port Dbg_TDO_I[3] in module JTAG_CONTROL is either unconnected or has no load
WARNING: [Synth 8-7129] Port Dbg_TDO_I[4] in module JTAG_CONTROL is either unconnected or has no load
WARNING: [Synth 8-7129] Port Dbg_TDO_I[5] in module JTAG_CONTROL is either unconnected or has no load
WARNING: [Synth 8-7129] Port Dbg_TDO_I[6] in module JTAG_CONTROL is either unconnected or has no load
WARNING: [Synth 8-7129] Port Dbg_TDO_I[7] in module JTAG_CONTROL is either unconnected or has no load
WARNING: [Synth 8-7129] Port Dbg_TDO_I[8] in module JTAG_CONTROL is either unconnected or has no load
WARNING: [Synth 8-7129] Port Dbg_TDO_I[9] in module JTAG_CONTROL is either unconnected or has no load
WARNING: [Synth 8-7129] Port Dbg_TDO_I[10] in module JTAG_CONTROL is either unconnected or has no load
WARNING: [Synth 8-7129] Port Dbg_TDO_I[11] in module JTAG_CONTROL is either unconnected or has no load
WARNING: [Synth 8-7129] Port Dbg_TDO_I[12] in module JTAG_CONTROL is either unconnected or has no load
WARNING: [Synth 8-7129] Port Dbg_TDO_I[13] in module JTAG_CONTROL is either unconnected or has no load
WARNING: [Synth 8-7129] Port Dbg_TDO_I[14] in module JTAG_CONTROL is either unconnected or has no load
WARNING: [Synth 8-7129] Port Dbg_TDO_I[15] in module JTAG_CONTROL is either unconnected or has no load
WARNING: [Synth 8-7129] Port Dbg_TDO_I[16] in module JTAG_CONTROL is either unconnected or has no load
WARNING: [Synth 8-7129] Port Dbg_TDO_I[17] in module JTAG_CONTROL is either unconnected or has no load
WARNING: [Synth 8-7129] Port Dbg_TDO_I[18] in module JTAG_CONTROL is either unconnected or has no load
WARNING: [Synth 8-7129] Port Dbg_TDO_I[19] in module JTAG_CONTROL is either unconnected or has no load
WARNING: [Synth 8-7129] Port Dbg_TDO_I[20] in module JTAG_CONTROL is either unconnected or has no load
WARNING: [Synth 8-7129] Port Dbg_TDO_I[21] in module JTAG_CONTROL is either unconnected or has no load
WARNING: [Synth 8-7129] Port Dbg_TDO_I[22] in module JTAG_CONTROL is either unconnected or has no load
WARNING: [Synth 8-7129] Port Dbg_TDO_I[23] in module JTAG_CONTROL is either unconnected or has no load
WARNING: [Synth 8-7129] Port Dbg_TDO_I[24] in module JTAG_CONTROL is either unconnected or has no load
WARNING: [Synth 8-7129] Port Dbg_TDO_I[25] in module JTAG_CONTROL is either unconnected or has no load
WARNING: [Synth 8-7129] Port Dbg_TDO_I[26] in module JTAG_CONTROL is either unconnected or has no load
WARNING: [Synth 8-7129] Port Dbg_TDO_I[27] in module JTAG_CONTROL is either unconnected or has no load
WARNING: [Synth 8-7129] Port Dbg_TDO_I[28] in module JTAG_CONTROL is either unconnected or has no load
WARNING: [Synth 8-7129] Port Dbg_TDO_I[29] in module JTAG_CONTROL is either unconnected or has no load
WARNING: [Synth 8-7129] Port Dbg_TDO_I[30] in module JTAG_CONTROL is either unconnected or has no load
WARNING: [Synth 8-7129] Port Dbg_TDO_I[31] in module JTAG_CONTROL is either unconnected or has no load
WARNING: [Synth 8-7129] Port Dbg_Trig_In_0[0] in module JTAG_CONTROL is either unconnected or has no load
WARNING: [Synth 8-7129] Port Dbg_Trig_In_0[1] in module JTAG_CONTROL is either unconnected or has no load
WARNING: [Synth 8-7129] Port Dbg_Trig_In_0[2] in module JTAG_CONTROL is either unconnected or has no load
WARNING: [Synth 8-7129] Port Dbg_Trig_In_0[3] in module JTAG_CONTROL is either unconnected or has no load
WARNING: [Synth 8-7129] Port Dbg_Trig_In_0[4] in module JTAG_CONTROL is either unconnected or has no load
WARNING: [Synth 8-7129] Port Dbg_Trig_In_0[5] in module JTAG_CONTROL is either unconnected or has no load
WARNING: [Synth 8-7129] Port Dbg_Trig_In_0[6] in module JTAG_CONTROL is either unconnected or has no load
WARNING: [Synth 8-7129] Port Dbg_Trig_In_0[7] in module JTAG_CONTROL is either unconnected or has no load
WARNING: [Synth 8-7129] Port Dbg_Trig_In_1[0] in module JTAG_CONTROL is either unconnected or has no load
INFO: [Common 17-14] Message 'Synth 8-7129' appears 100 times and further instances of the messages will be disabled. Use the Tcl command set_msg_config to change the current settings.
---------------------------------------------------------------------------------
Finished RTL Elaboration : Time (s): cpu = 00:00:06 ; elapsed = 00:00:07 . Memory (MB): peak = 2044.867 ; gain = 518.734 ; free physical = 5240 ; free virtual = 10481
---------------------------------------------------------------------------------
---------------------------------------------------------------------------------
Start Handling Custom Attributes
---------------------------------------------------------------------------------
---------------------------------------------------------------------------------
Finished Handling Custom Attributes : Time (s): cpu = 00:00:06 ; elapsed = 00:00:07 . Memory (MB): peak = 2053.773 ; gain = 527.641 ; free physical = 5240 ; free virtual = 10481
---------------------------------------------------------------------------------
---------------------------------------------------------------------------------
Finished RTL Optimization Phase 1 : Time (s): cpu = 00:00:06 ; elapsed = 00:00:07 . Memory (MB): peak = 2053.773 ; gain = 527.641 ; free physical = 5240 ; free virtual = 10481
---------------------------------------------------------------------------------
Netlist sorting complete. Time (s): cpu = 00:00:00.03 ; elapsed = 00:00:00.02 . Memory (MB): peak = 2059.711 ; gain = 0.000 ; free physical = 5240 ; free virtual = 10481
INFO: [Netlist 29-17] Analyzing 2 Unisim elements for replacement
INFO: [Netlist 29-28] Unisim Transformation completed in 0 CPU seconds
INFO: [Project 1-570] Preparing netlist for logic optimization

Processing XDC Constraints
Initializing timing engine
Parsing XDC File [/home/vid/Desktop/Projects/MicroBlaze-V_no_ram/MicroBlaze-V_no_ram.runs/microblaze_v_preset_mdm_riscv_0_0_synth_1/dont_touch.xdc]
Finished Parsing XDC File [/home/vid/Desktop/Projects/MicroBlaze-V_no_ram/MicroBlaze-V_no_ram.runs/microblaze_v_preset_mdm_riscv_0_0_synth_1/dont_touch.xdc]
Parsing XDC File [/home/vid/Desktop/Projects/MicroBlaze-V_no_ram/MicroBlaze-V_no_ram.gen/sources_1/bd/microblaze_v_preset/ip/microblaze_v_preset_mdm_riscv_0_0/microblaze_v_preset_mdm_riscv_0_0_ooc_trace.xdc] for cell 'U0'
Finished Parsing XDC File [/home/vid/Desktop/Projects/MicroBlaze-V_no_ram/MicroBlaze-V_no_ram.gen/sources_1/bd/microblaze_v_preset/ip/microblaze_v_preset_mdm_riscv_0_0/microblaze_v_preset_mdm_riscv_0_0_ooc_trace.xdc] for cell 'U0'
Parsing XDC File [/home/vid/Desktop/Projects/MicroBlaze-V_no_ram/MicroBlaze-V_no_ram.gen/sources_1/bd/microblaze_v_preset/ip/microblaze_v_preset_mdm_riscv_0_0/microblaze_v_preset_mdm_riscv_0_0.xdc] for cell 'U0'
Finished Parsing XDC File [/home/vid/Desktop/Projects/MicroBlaze-V_no_ram/MicroBlaze-V_no_ram.gen/sources_1/bd/microblaze_v_preset/ip/microblaze_v_preset_mdm_riscv_0_0/microblaze_v_preset_mdm_riscv_0_0.xdc] for cell 'U0'
INFO: [Project 1-236] Implementation specific constraints were found while reading constraint file [/home/vid/Desktop/Projects/MicroBlaze-V_no_ram/MicroBlaze-V_no_ram.gen/sources_1/bd/microblaze_v_preset/ip/microblaze_v_preset_mdm_riscv_0_0/microblaze_v_preset_mdm_riscv_0_0.xdc]. These constraints will be ignored for synthesis but will be used in implementation. Impacted constraints are listed in the file [.Xil/microblaze_v_preset_mdm_riscv_0_0_propImpl.xdc].
Resolution: To avoid this warning, move constraints listed in [.Xil/microblaze_v_preset_mdm_riscv_0_0_propImpl.xdc] to another XDC file and exclude this new file from synthesis with the used_in_synthesis property (File Properties dialog in GUI) and re-run elaboration/synthesis.
Completed Processing XDC Constraints

Netlist sorting complete. Time (s): cpu = 00:00:00 ; elapsed = 00:00:00 . Memory (MB): peak = 2200.523 ; gain = 0.000 ; free physical = 5229 ; free virtual = 10470
INFO: [Project 1-111] Unisim Transformation Summary:
  A total of 2 instances were transformed.
  BUFGCE_1 => BUFGCTRL: 2 instances

Constraint Validation Runtime : Time (s): cpu = 00:00:00.02 ; elapsed = 00:00:00.01 . Memory (MB): peak = 2200.523 ; gain = 0.000 ; free physical = 5229 ; free virtual = 10470
INFO: [Designutils 20-5008] Incremental synthesis strategy off
---------------------------------------------------------------------------------
Finished Constraint Validation : Time (s): cpu = 00:00:12 ; elapsed = 00:00:12 . Memory (MB): peak = 2200.523 ; gain = 674.391 ; free physical = 5133 ; free virtual = 10364
---------------------------------------------------------------------------------
---------------------------------------------------------------------------------
Start Loading Part and Timing Information
---------------------------------------------------------------------------------
Loading part: xc7a100tcsg324-1
---------------------------------------------------------------------------------
Finished Loading Part and Timing Information : Time (s): cpu = 00:00:12 ; elapsed = 00:00:12 . Memory (MB): peak = 2208.527 ; gain = 682.395 ; free physical = 5133 ; free virtual = 10364
---------------------------------------------------------------------------------
---------------------------------------------------------------------------------
Start Applying 'set_property' XDC Constraints
---------------------------------------------------------------------------------
Applied set_property KEEP_HIERARCHY = SOFT for U0. (constraint file  /home/vid/Desktop/Projects/MicroBlaze-V_no_ram/MicroBlaze-V_no_ram.runs/microblaze_v_preset_mdm_riscv_0_0_synth_1/dont_touch.xdc, line 9).
---------------------------------------------------------------------------------
Finished applying 'set_property' XDC Constraints : Time (s): cpu = 00:00:12 ; elapsed = 00:00:12 . Memory (MB): peak = 2208.527 ; gain = 682.395 ; free physical = 5133 ; free virtual = 10364
---------------------------------------------------------------------------------
INFO: [Synth 8-802] inferred FSM for state register 'Test_Access_Port.state_reg' in module 'JTAG_CONTROL'
---------------------------------------------------------------------------------------------------
                   State |                     New Encoding |                Previous Encoding 
---------------------------------------------------------------------------------------------------
                tl_reset |                 0000000000000001 |                             0000
                    idle |                 0000000000000010 |                             0001
               select_dr |                 0000000000000100 |                             0010
               select_ir |                 0000000000001000 |                             1001
              capture_ir |                 0000000000010000 |                             1010
                shift_ir |                 0000000000100000 |                             1011
                exit1_ir |                 0000000001000000 |                             1100
                pause_ir |                 0000000010000000 |                             1101
                exit2_ir |                 0000000100000000 |                             1110
               update_ir |                 0000001000000000 |                             1111
              capture_dr |                 0000010000000000 |                             0011
                shift_dr |                 0000100000000000 |                             0100
                exit1_dr |                 0001000000000000 |                             0101
                pause_dr |                 0010000000000000 |                             0110
                exit2_dr |                 0100000000000000 |                             0111
               update_dr |                 1000000000000000 |                             1000
---------------------------------------------------------------------------------------------------
INFO: [Synth 8-3354] encoded FSM with state register 'Test_Access_Port.state_reg' using encoding 'one-hot' in module 'JTAG_CONTROL'
---------------------------------------------------------------------------------
Finished RTL Optimization Phase 2 : Time (s): cpu = 00:00:12 ; elapsed = 00:00:13 . Memory (MB): peak = 2208.527 ; gain = 682.395 ; free physical = 5130 ; free virtual = 10363
---------------------------------------------------------------------------------
---------------------------------------------------------------------------------
Start RTL Component Statistics 
---------------------------------------------------------------------------------
Detailed RTL Component Info : 
+---Adders : 
	   2 Input    8 Bit       Adders := 1     
	   2 Input    2 Bit       Adders := 1     
+---Registers : 
	               42 Bit    Registers := 1     
	               32 Bit    Registers := 4     
	                8 Bit    Registers := 3     
	                5 Bit    Registers := 1     
	                3 Bit    Registers := 1     
	                2 Bit    Registers := 3     
	                1 Bit    Registers := 28    
+---Muxes : 
	   2 Input   32 Bit        Muxes := 3     
	  16 Input   16 Bit        Muxes := 1     
	   2 Input   16 Bit        Muxes := 16    
	   2 Input    8 Bit        Muxes := 3     
	  16 Input    5 Bit        Muxes := 1     
	   2 Input    3 Bit        Muxes := 1     
	   2 Input    2 Bit        Muxes := 3     
	   2 Input    1 Bit        Muxes := 20    
	   4 Input    1 Bit        Muxes := 2     
	  16 Input    1 Bit        Muxes := 10    
---------------------------------------------------------------------------------
Finished RTL Component Statistics 
---------------------------------------------------------------------------------
---------------------------------------------------------------------------------
Start Part Resource Summary
---------------------------------------------------------------------------------
Part Resources:
DSPs: 240 (col length:80)
BRAMs: 270 (col length: RAMB18 80 RAMB36 40)
---------------------------------------------------------------------------------
Finished Part Resource Summary
---------------------------------------------------------------------------------
---------------------------------------------------------------------------------
Start Cross Boundary and Area Optimization
---------------------------------------------------------------------------------
WARNING: [Synth 8-7080] Parallel synthesis criteria is not met
---------------------------------------------------------------------------------
Finished Cross Boundary and Area Optimization : Time (s): cpu = 00:00:15 ; elapsed = 00:00:16 . Memory (MB): peak = 2208.527 ; gain = 682.395 ; free physical = 5093 ; free virtual = 10325
---------------------------------------------------------------------------------
---------------------------------------------------------------------------------
Start Applying XDC Timing Constraints
---------------------------------------------------------------------------------
---------------------------------------------------------------------------------
Finished Applying XDC Timing Constraints : Time (s): cpu = 00:00:19 ; elapsed = 00:00:19 . Memory (MB): peak = 2217.527 ; gain = 691.395 ; free physical = 5005 ; free virtual = 10239
---------------------------------------------------------------------------------
---------------------------------------------------------------------------------
Start Timing Optimization
---------------------------------------------------------------------------------
---------------------------------------------------------------------------------
Finished Timing Optimization : Time (s): cpu = 00:00:19 ; elapsed = 00:00:20 . Memory (MB): peak = 2221.527 ; gain = 695.395 ; free physical = 4997 ; free virtual = 10231
---------------------------------------------------------------------------------
---------------------------------------------------------------------------------
Start Technology Mapping
---------------------------------------------------------------------------------
---------------------------------------------------------------------------------
Finished Technology Mapping : Time (s): cpu = 00:00:19 ; elapsed = 00:00:20 . Memory (MB): peak = 2240.559 ; gain = 714.426 ; free physical = 4981 ; free virtual = 10215
---------------------------------------------------------------------------------
---------------------------------------------------------------------------------
Start IO Insertion
---------------------------------------------------------------------------------
---------------------------------------------------------------------------------
Start Flattening Before IO Insertion
---------------------------------------------------------------------------------
---------------------------------------------------------------------------------
Finished Flattening Before IO Insertion
---------------------------------------------------------------------------------
---------------------------------------------------------------------------------
Start Final Netlist Cleanup
---------------------------------------------------------------------------------
---------------------------------------------------------------------------------
Finished Final Netlist Cleanup
---------------------------------------------------------------------------------
---------------------------------------------------------------------------------
Finished IO Insertion : Time (s): cpu = 00:00:21 ; elapsed = 00:00:22 . Memory (MB): peak = 2400.340 ; gain = 874.207 ; free physical = 4858 ; free virtual = 10092
---------------------------------------------------------------------------------
---------------------------------------------------------------------------------
Start Renaming Generated Instances
---------------------------------------------------------------------------------
---------------------------------------------------------------------------------
Finished Renaming Generated Instances : Time (s): cpu = 00:00:21 ; elapsed = 00:00:22 . Memory (MB): peak = 2400.340 ; gain = 874.207 ; free physical = 4858 ; free virtual = 10092
---------------------------------------------------------------------------------
---------------------------------------------------------------------------------
Start Rebuilding User Hierarchy
---------------------------------------------------------------------------------
---------------------------------------------------------------------------------
Finished Rebuilding User Hierarchy : Time (s): cpu = 00:00:21 ; elapsed = 00:00:22 . Memory (MB): peak = 2400.340 ; gain = 874.207 ; free physical = 4858 ; free virtual = 10092
---------------------------------------------------------------------------------
---------------------------------------------------------------------------------
Start Renaming Generated Ports
---------------------------------------------------------------------------------
---------------------------------------------------------------------------------
Finished Renaming Generated Ports : Time (s): cpu = 00:00:21 ; elapsed = 00:00:22 . Memory (MB): peak = 2400.340 ; gain = 874.207 ; free physical = 4858 ; free virtual = 10092
---------------------------------------------------------------------------------
---------------------------------------------------------------------------------
Start Handling Custom Attributes
---------------------------------------------------------------------------------
---------------------------------------------------------------------------------
Finished Handling Custom Attributes : Time (s): cpu = 00:00:21 ; elapsed = 00:00:22 . Memory (MB): peak = 2400.340 ; gain = 874.207 ; free physical = 4858 ; free virtual = 10092
---------------------------------------------------------------------------------
---------------------------------------------------------------------------------
Start Renaming Generated Nets
---------------------------------------------------------------------------------
---------------------------------------------------------------------------------
Finished Renaming Generated Nets : Time (s): cpu = 00:00:21 ; elapsed = 00:00:22 . Memory (MB): peak = 2400.340 ; gain = 874.207 ; free physical = 4858 ; free virtual = 10092
---------------------------------------------------------------------------------
---------------------------------------------------------------------------------
Start ROM, RAM, DSP, Shift Register and Retiming Reporting
---------------------------------------------------------------------------------

Static Shift Register Report:
+------------+----------------------------------------+--------+-------+--------------+--------------------+-------------------+--------+---------+
|Module Name | RTL Name                               | Length | Width | Reset Signal | Pull out first Reg | Pull out last Reg | SRL16E | SRLC32E | 
+------------+----------------------------------------+--------+-------+--------------+--------------------+-------------------+--------+---------+
|MDM_RISCV   | MDM_Core_I1/JTAG_CONTROL_I/dmi_reg[31] | 3      | 1     | NO           | NO                 | YES               | 1      | 0       | 
|MDM_RISCV   | MDM_Core_I1/JTAG_CONTROL_I/dmi_reg[3]  | 28     | 1     | NO           | NO                 | YES               | 0      | 1       | 
|MDM_RISCV   | Use_JTAG_BSCAN.bscanid_reg[27]         | 5      | 1     | YES          | NO                 | YES               | 1      | 0       | 
|MDM_RISCV   | Use_JTAG_BSCAN.bscanid_reg[11]         | 9      | 1     | YES          | NO                 | YES               | 1      | 0       | 
|MDM_RISCV   | Use_JTAG_BSCAN.bscanid_reg[1]          | 8      | 1     | YES          | NO                 | YES               | 1      | 0       | 
+------------+----------------------------------------+--------+-------+--------------+--------------------+-------------------+--------+---------+

---------------------------------------------------------------------------------
Finished ROM, RAM, DSP, Shift Register and Retiming Reporting
---------------------------------------------------------------------------------
---------------------------------------------------------------------------------
Start Writing Synthesis Report
---------------------------------------------------------------------------------

Report BlackBoxes: 
+-+--------------+----------+
| |BlackBox name |Instances |
+-+--------------+----------+
+-+--------------+----------+

Report Cell Usage: 
+------+--------+------+
|      |Cell    |Count |
+------+--------+------+
|1     |BSCANE2 |     1|
|2     |BUFG    |     1|
|3     |BUFGCE  |     2|
|4     |CARRY4  |     1|
|5     |LUT1    |     2|
|6     |LUT2    |   105|
|7     |LUT3    |    24|
|8     |LUT4    |    41|
|9     |LUT5    |    13|
|10    |LUT6    |    18|
|11    |SRL16E  |     4|
|12    |SRLC32E |     1|
|13    |FDCE    |     2|
|14    |FDRE    |   185|
|15    |FDSE    |     6|
+------+--------+------+
---------------------------------------------------------------------------------
Finished Writing Synthesis Report : Time (s): cpu = 00:00:21 ; elapsed = 00:00:22 . Memory (MB): peak = 2400.340 ; gain = 874.207 ; free physical = 4858 ; free virtual = 10092
---------------------------------------------------------------------------------
Synthesis finished with 0 errors, 0 critical warnings and 4313 warnings.
Synthesis Optimization Runtime : Time (s): cpu = 00:00:20 ; elapsed = 00:00:20 . Memory (MB): peak = 2400.340 ; gain = 727.457 ; free physical = 4858 ; free virtual = 10092
Synthesis Optimization Complete : Time (s): cpu = 00:00:21 ; elapsed = 00:00:22 . Memory (MB): peak = 2400.348 ; gain = 874.207 ; free physical = 4858 ; free virtual = 10092
INFO: [Project 1-571] Translating synthesized netlist
Netlist sorting complete. Time (s): cpu = 00:00:00.01 ; elapsed = 00:00:00.01 . Memory (MB): peak = 2400.348 ; gain = 0.000 ; free physical = 5015 ; free virtual = 10249
INFO: [Netlist 29-17] Analyzing 3 Unisim elements for replacement
INFO: [Netlist 29-28] Unisim Transformation completed in 0 CPU seconds
INFO: [Project 1-570] Preparing netlist for logic optimization
INFO: [Opt 31-138] Pushed 0 inverter(s) to 0 load pin(s).
Netlist sorting complete. Time (s): cpu = 00:00:00 ; elapsed = 00:00:00 . Memory (MB): peak = 2456.367 ; gain = 0.000 ; free physical = 5011 ; free virtual = 10246
INFO: [Project 1-111] Unisim Transformation Summary:
  A total of 2 instances were transformed.
  BUFGCE_1 => BUFGCTRL: 2 instances

Synth Design complete | Checksum: 29148a35
INFO: [Common 17-83] Releasing license: Synthesis
42 Infos, 102 Warnings, 2 Critical Warnings and 0 Errors encountered.
synth_design completed successfully
synth_design: Time (s): cpu = 00:00:26 ; elapsed = 00:00:25 . Memory (MB): peak = 2456.367 ; gain = 1006.770 ; free physical = 5011 ; free virtual = 10246
INFO: [Common 17-2834] synth_design peak Physical Memory [PSS] (MB): overall = 1825.304; main = 1781.779; forked = 307.541
INFO: [Common 17-2834] synth_design peak Virtual Memory [VSS] (MB): overall = 3187.965; main = 2456.371; forked = 942.402
Write ShapeDB Complete: Time (s): cpu = 00:00:00 ; elapsed = 00:00:00 . Memory (MB): peak = 2480.379 ; gain = 0.000 ; free physical = 5011 ; free virtual = 10246
INFO: [Common 17-1381] The checkpoint '/home/vid/Desktop/Projects/MicroBlaze-V_no_ram/MicroBlaze-V_no_ram.runs/microblaze_v_preset_mdm_riscv_0_0_synth_1/microblaze_v_preset_mdm_riscv_0_0.dcp' has been generated.
INFO: [runtcl-6] Synthesis results are not added to the cache due to CRITICAL_WARNING
INFO: [Coretcl 2-1174] Renamed 8 cell refs.
Write ShapeDB Complete: Time (s): cpu = 00:00:00 ; elapsed = 00:00:00 . Memory (MB): peak = 2480.379 ; gain = 0.000 ; free physical = 5004 ; free virtual = 10239
INFO: [Common 17-1381] The checkpoint '/home/vid/Desktop/Projects/MicroBlaze-V_no_ram/MicroBlaze-V_no_ram.runs/microblaze_v_preset_mdm_riscv_0_0_synth_1/microblaze_v_preset_mdm_riscv_0_0.dcp' has been generated.
INFO: [Vivado 12-24828] Executing command : report_utilization -file microblaze_v_preset_mdm_riscv_0_0_utilization_synth.rpt -pb microblaze_v_preset_mdm_riscv_0_0_utilization_synth.pb
INFO: [Common 17-206] Exiting Vivado at Fri May 23 12:59:14 2025...
