
*** Running vivado
    with args -log microblaze_v_preset_ilmb_bram_if_cntlr_2.vds -m64 -product Vivado -mode batch -messageDb vivado.pb -notrace -source microblaze_v_preset_ilmb_bram_if_cntlr_2.tcl


****** Vivado v2024.2 (64-bit)
  **** SW Build 5239630 on Fri Nov 08 22:34:34 MST 2024
  **** IP Build 5239520 on Sun Nov 10 16:12:51 MST 2024
  **** SharedData Build 5239561 on Fri Nov 08 14:39:27 MST 2024
  **** Start of session at: Fri May 23 15:56:10 2025
    ** Copyright 1986-2022 Xilinx, Inc. All Rights Reserved.
    ** Copyright 2022-2024 Advanced Micro Devices, Inc. All Rights Reserved.

source microblaze_v_preset_ilmb_bram_if_cntlr_2.tcl -notrace
INFO: [Common 17-1565] set_msg_config should not be used to change the severity of DRC/METHODOLOGY checks. Please use the 'set_property SEVERITY <NEW_SEVERITY> [get_<drc|methodology>_checks <ID>]' command instead.
INFO: [IP_Flow 19-6924] IPCACHE: Running cache check for IP inst: microblaze_v_preset_ilmb_bram_if_cntlr_2
INFO: [IP_Flow 19-6922] IPCACHE: Exporting cached entry a4d454604f1819fc to dir: /home/vid/Desktop/Projects/MicroBlaze-V_no_ram/MicroBlaze-V_no_ram.runs/microblaze_v_preset_ilmb_bram_if_cntlr_2_synth_1
INFO: [IP_Flow 19-6928] IPCACHE: copied cached file /home/vid/Desktop/Projects/MicroBlaze-V_no_ram/MicroBlaze-V_no_ram.cache/ip/2024.2/a/4/a4d454604f1819fc/microblaze_v_preset_dlmb_bram_if_cntlr_2_stub.vhdl to /home/vid/Desktop/Projects/MicroBlaze-V_no_ram/MicroBlaze-V_no_ram.runs/microblaze_v_preset_ilmb_bram_if_cntlr_2_synth_1/microblaze_v_preset_ilmb_bram_if_cntlr_2_stub.vhdl.
INFO: [IP_Flow 19-6928] IPCACHE: copied cached file /home/vid/Desktop/Projects/MicroBlaze-V_no_ram/MicroBlaze-V_no_ram.cache/ip/2024.2/a/4/a4d454604f1819fc/microblaze_v_preset_dlmb_bram_if_cntlr_2_stub.v to /home/vid/Desktop/Projects/MicroBlaze-V_no_ram/MicroBlaze-V_no_ram.runs/microblaze_v_preset_ilmb_bram_if_cntlr_2_synth_1/microblaze_v_preset_ilmb_bram_if_cntlr_2_stub.v.
INFO: [IP_Flow 19-6928] IPCACHE: copied cached file /home/vid/Desktop/Projects/MicroBlaze-V_no_ram/MicroBlaze-V_no_ram.cache/ip/2024.2/a/4/a4d454604f1819fc/microblaze_v_preset_dlmb_bram_if_cntlr_2_sim_netlist.v to /home/vid/Desktop/Projects/MicroBlaze-V_no_ram/MicroBlaze-V_no_ram.runs/microblaze_v_preset_ilmb_bram_if_cntlr_2_synth_1/microblaze_v_preset_ilmb_bram_if_cntlr_2_sim_netlist.v.
INFO: [IP_Flow 19-6928] IPCACHE: copied cached file /home/vid/Desktop/Projects/MicroBlaze-V_no_ram/MicroBlaze-V_no_ram.cache/ip/2024.2/a/4/a4d454604f1819fc/microblaze_v_preset_dlmb_bram_if_cntlr_2_sim_netlist.vhdl to /home/vid/Desktop/Projects/MicroBlaze-V_no_ram/MicroBlaze-V_no_ram.runs/microblaze_v_preset_ilmb_bram_if_cntlr_2_synth_1/microblaze_v_preset_ilmb_bram_if_cntlr_2_sim_netlist.vhdl.
INFO: [IP_Flow 19-6928] IPCACHE: copied cached file /home/vid/Desktop/Projects/MicroBlaze-V_no_ram/MicroBlaze-V_no_ram.cache/ip/2024.2/a/4/a4d454604f1819fc/microblaze_v_preset_dlmb_bram_if_cntlr_2.dcp to /home/vid/Desktop/Projects/MicroBlaze-V_no_ram/MicroBlaze-V_no_ram.runs/microblaze_v_preset_ilmb_bram_if_cntlr_2_synth_1/microblaze_v_preset_ilmb_bram_if_cntlr_2.dcp.
INFO: [IP_Flow 19-4838] Using cached IP synthesis design for IP microblaze_v_preset_ilmb_bram_if_cntlr_2, cache-ID = a4d454604f1819fc.
INFO: [Common 17-206] Exiting Vivado at Fri May 23 15:56:15 2025...
