
*** Running vivado
    with args -log microblaze_v_preset_dlmb_v10_2.vds -m64 -product Vivado -mode batch -messageDb vivado.pb -notrace -source microblaze_v_preset_dlmb_v10_2.tcl


****** Vivado v2024.2 (64-bit)
  **** SW Build 5239630 on Fri Nov 08 22:34:34 MST 2024
  **** IP Build 5239520 on Sun Nov 10 16:12:51 MST 2024
  **** SharedData Build 5239561 on Fri Nov 08 14:39:27 MST 2024
  **** Start of session at: Fri May 23 15:56:09 2025
    ** Copyright 1986-2022 Xilinx, Inc. All Rights Reserved.
    ** Copyright 2022-2024 Advanced Micro Devices, Inc. All Rights Reserved.

source microblaze_v_preset_dlmb_v10_2.tcl -notrace
INFO: [Common 17-1565] set_msg_config should not be used to change the severity of DRC/METHODOLOGY checks. Please use the 'set_property SEVERITY <NEW_SEVERITY> [get_<drc|methodology>_checks <ID>]' command instead.
INFO: [IP_Flow 19-6924] IPCACHE: Running cache check for IP inst: microblaze_v_preset_dlmb_v10_2
Command: synth_design -top microblaze_v_preset_dlmb_v10_2 -part xc7a100tcsg324-1 -incremental_mode off -mode out_of_context
Starting synth_design
Attempting to get a license for feature 'Synthesis' and/or device 'xc7a100t'
INFO: [Common 17-349] Got license for feature 'Synthesis' and/or device 'xc7a100t'
INFO: [Device 21-403] Loading part xc7a100tcsg324-1
INFO: [Synth 8-7079] Multithreading enabled for synth_design using a maximum of 7 processes.
INFO: [Synth 8-7078] Launching helper process for spawning children vivado processes
INFO: [Synth 8-7075] Helper process launched with PID 793589
---------------------------------------------------------------------------------
Starting RTL Elaboration : Time (s): cpu = 00:00:03 ; elapsed = 00:00:03 . Memory (MB): peak = 1941.062 ; gain = 420.797 ; free physical = 5415 ; free virtual = 8384
---------------------------------------------------------------------------------
INFO: [Synth 8-638] synthesizing module 'microblaze_v_preset_dlmb_v10_2' [/home/vid/Desktop/Projects/MicroBlaze-V_no_ram/MicroBlaze-V_no_ram.gen/sources_1/bd/microblaze_v_preset/ip/microblaze_v_preset_dlmb_v10_2/synth/microblaze_v_preset_dlmb_v10_2.vhd:89]
	Parameter C_LMB_NUM_SLAVES bound to: 1 - type: integer 
	Parameter C_LMB_DWIDTH bound to: 32 - type: integer 
	Parameter C_LMB_AWIDTH bound to: 32 - type: integer 
	Parameter C_LMB_PROTOCOL bound to: 0 - type: integer 
	Parameter C_EXT_RESET_HIGH bound to: 1 - type: integer 
INFO: [Synth 8-3491] module 'lmb_v10' declared at '/home/vid/Desktop/Projects/MicroBlaze-V_no_ram/MicroBlaze-V_no_ram.gen/sources_1/bd/microblaze_v_preset/ipshared/7495/hdl/lmb_v10_v3_0_vh_rfs.vhd:91' bound to instance 'U0' of component 'lmb_v10' [/home/vid/Desktop/Projects/MicroBlaze-V_no_ram/MicroBlaze-V_no_ram.gen/sources_1/bd/microblaze_v_preset/ip/microblaze_v_preset_dlmb_v10_2/synth/microblaze_v_preset_dlmb_v10_2.vhd:169]
INFO: [Synth 8-638] synthesizing module 'lmb_v10' [/home/vid/Desktop/Projects/MicroBlaze-V_no_ram/MicroBlaze-V_no_ram.gen/sources_1/bd/microblaze_v_preset/ipshared/7495/hdl/lmb_v10_v3_0_vh_rfs.vhd:140]
INFO: [Synth 8-3491] module 'FDS' declared at '/tools/Xilinx/Vivado/2024.2/scripts/rt/data/unisim_comp.v:43311' bound to instance 'POR_FF_I' of component 'FDS' [/home/vid/Desktop/Projects/MicroBlaze-V_no_ram/MicroBlaze-V_no_ram.gen/sources_1/bd/microblaze_v_preset/ipshared/7495/hdl/lmb_v10_v3_0_vh_rfs.vhd:170]
INFO: [Synth 8-6157] synthesizing module 'FDS' [/tools/Xilinx/Vivado/2024.2/scripts/rt/data/unisim_comp.v:43311]
INFO: [Synth 8-6155] done synthesizing module 'FDS' (0#1) [/tools/Xilinx/Vivado/2024.2/scripts/rt/data/unisim_comp.v:43311]
---------------------------------------------------------------------------------
Finished RTL Elaboration : Time (s): cpu = 00:00:04 ; elapsed = 00:00:05 . Memory (MB): peak = 2018.031 ; gain = 497.766 ; free physical = 5307 ; free virtual = 8278
---------------------------------------------------------------------------------
---------------------------------------------------------------------------------
Start Handling Custom Attributes
---------------------------------------------------------------------------------
---------------------------------------------------------------------------------
Finished Handling Custom Attributes : Time (s): cpu = 00:00:04 ; elapsed = 00:00:05 . Memory (MB): peak = 2035.844 ; gain = 515.578 ; free physical = 5304 ; free virtual = 8275
---------------------------------------------------------------------------------
---------------------------------------------------------------------------------
Finished RTL Optimization Phase 1 : Time (s): cpu = 00:00:04 ; elapsed = 00:00:05 . Memory (MB): peak = 2035.844 ; gain = 515.578 ; free physical = 5304 ; free virtual = 8275
---------------------------------------------------------------------------------
Netlist sorting complete. Time (s): cpu = 00:00:00 ; elapsed = 00:00:00 . Memory (MB): peak = 2038.812 ; gain = 0.000 ; free physical = 5300 ; free virtual = 8271
INFO: [Netlist 29-17] Analyzing 1 Unisim elements for replacement
INFO: [Netlist 29-28] Unisim Transformation completed in 0 CPU seconds
INFO: [Project 1-570] Preparing netlist for logic optimization

Processing XDC Constraints
Initializing timing engine
Parsing XDC File [/home/vid/Desktop/Projects/MicroBlaze-V_no_ram/MicroBlaze-V_no_ram.gen/sources_1/bd/microblaze_v_preset/ip/microblaze_v_preset_dlmb_v10_2/microblaze_v_preset_dlmb_v10_2_ooc.xdc] for cell 'U0'
Finished Parsing XDC File [/home/vid/Desktop/Projects/MicroBlaze-V_no_ram/MicroBlaze-V_no_ram.gen/sources_1/bd/microblaze_v_preset/ip/microblaze_v_preset_dlmb_v10_2/microblaze_v_preset_dlmb_v10_2_ooc.xdc] for cell 'U0'
Parsing XDC File [/home/vid/Desktop/Projects/MicroBlaze-V_no_ram/MicroBlaze-V_no_ram.runs/microblaze_v_preset_dlmb_v10_2_synth_1/dont_touch.xdc]
Finished Parsing XDC File [/home/vid/Desktop/Projects/MicroBlaze-V_no_ram/MicroBlaze-V_no_ram.runs/microblaze_v_preset_dlmb_v10_2_synth_1/dont_touch.xdc]
Completed Processing XDC Constraints

Netlist sorting complete. Time (s): cpu = 00:00:00 ; elapsed = 00:00:00 . Memory (MB): peak = 2105.812 ; gain = 0.000 ; free physical = 5299 ; free virtual = 8271
INFO: [Project 1-111] Unisim Transformation Summary:
  A total of 1 instances were transformed.
  FDS => FDSE: 1 instance 

Constraint Validation Runtime : Time (s): cpu = 00:00:00.02 ; elapsed = 00:00:00.02 . Memory (MB): peak = 2105.812 ; gain = 0.000 ; free physical = 5299 ; free virtual = 8271
INFO: [Designutils 20-5008] Incremental synthesis strategy off
---------------------------------------------------------------------------------
Finished Constraint Validation : Time (s): cpu = 00:00:09 ; elapsed = 00:00:10 . Memory (MB): peak = 2105.812 ; gain = 585.547 ; free physical = 5771 ; free virtual = 8752
---------------------------------------------------------------------------------
---------------------------------------------------------------------------------
Start Loading Part and Timing Information
---------------------------------------------------------------------------------
Loading part: xc7a100tcsg324-1
---------------------------------------------------------------------------------
Finished Loading Part and Timing Information : Time (s): cpu = 00:00:09 ; elapsed = 00:00:10 . Memory (MB): peak = 2113.816 ; gain = 593.551 ; free physical = 5771 ; free virtual = 8752
---------------------------------------------------------------------------------
---------------------------------------------------------------------------------
Start Applying 'set_property' XDC Constraints
---------------------------------------------------------------------------------
Applied set_property KEEP_HIERARCHY = SOFT for U0. (constraint file  /home/vid/Desktop/Projects/MicroBlaze-V_no_ram/MicroBlaze-V_no_ram.runs/microblaze_v_preset_dlmb_v10_2_synth_1/dont_touch.xdc, line 9).
---------------------------------------------------------------------------------
Finished applying 'set_property' XDC Constraints : Time (s): cpu = 00:00:09 ; elapsed = 00:00:10 . Memory (MB): peak = 2113.816 ; gain = 593.551 ; free physical = 5771 ; free virtual = 8752
---------------------------------------------------------------------------------
---------------------------------------------------------------------------------
Finished RTL Optimization Phase 2 : Time (s): cpu = 00:00:09 ; elapsed = 00:00:10 . Memory (MB): peak = 2113.816 ; gain = 593.551 ; free physical = 5767 ; free virtual = 8749
---------------------------------------------------------------------------------
---------------------------------------------------------------------------------
Start RTL Component Statistics 
---------------------------------------------------------------------------------
Detailed RTL Component Info : 
---------------------------------------------------------------------------------
Finished RTL Component Statistics 
---------------------------------------------------------------------------------
---------------------------------------------------------------------------------
Start Part Resource Summary
---------------------------------------------------------------------------------
Part Resources:
DSPs: 240 (col length:80)
BRAMs: 270 (col length: RAMB18 80 RAMB36 40)
---------------------------------------------------------------------------------
Finished Part Resource Summary
---------------------------------------------------------------------------------
---------------------------------------------------------------------------------
Start Cross Boundary and Area Optimization
---------------------------------------------------------------------------------
WARNING: [Synth 8-7080] Parallel synthesis criteria is not met
---------------------------------------------------------------------------------
Finished Cross Boundary and Area Optimization : Time (s): cpu = 00:00:10 ; elapsed = 00:00:11 . Memory (MB): peak = 2113.816 ; gain = 593.551 ; free physical = 5765 ; free virtual = 8748
---------------------------------------------------------------------------------
---------------------------------------------------------------------------------
Start Applying XDC Timing Constraints
---------------------------------------------------------------------------------
---------------------------------------------------------------------------------
Finished Applying XDC Timing Constraints : Time (s): cpu = 00:00:14 ; elapsed = 00:00:15 . Memory (MB): peak = 2182.816 ; gain = 662.551 ; free physical = 5720 ; free virtual = 8710
---------------------------------------------------------------------------------
---------------------------------------------------------------------------------
Start Timing Optimization
---------------------------------------------------------------------------------
---------------------------------------------------------------------------------
Finished Timing Optimization : Time (s): cpu = 00:00:14 ; elapsed = 00:00:15 . Memory (MB): peak = 2182.816 ; gain = 662.551 ; free physical = 5720 ; free virtual = 8710
---------------------------------------------------------------------------------
---------------------------------------------------------------------------------
Start Technology Mapping
---------------------------------------------------------------------------------
---------------------------------------------------------------------------------
Finished Technology Mapping : Time (s): cpu = 00:00:14 ; elapsed = 00:00:15 . Memory (MB): peak = 2192.832 ; gain = 672.566 ; free physical = 5720 ; free virtual = 8710
---------------------------------------------------------------------------------
---------------------------------------------------------------------------------
Start IO Insertion
---------------------------------------------------------------------------------
---------------------------------------------------------------------------------
Start Flattening Before IO Insertion
---------------------------------------------------------------------------------
---------------------------------------------------------------------------------
Finished Flattening Before IO Insertion
---------------------------------------------------------------------------------
---------------------------------------------------------------------------------
Start Final Netlist Cleanup
---------------------------------------------------------------------------------
---------------------------------------------------------------------------------
Finished Final Netlist Cleanup
---------------------------------------------------------------------------------
---------------------------------------------------------------------------------
Finished IO Insertion : Time (s): cpu = 00:00:17 ; elapsed = 00:00:17 . Memory (MB): peak = 2362.645 ; gain = 842.379 ; free physical = 5596 ; free virtual = 8587
---------------------------------------------------------------------------------
---------------------------------------------------------------------------------
Start Renaming Generated Instances
---------------------------------------------------------------------------------
---------------------------------------------------------------------------------
Finished Renaming Generated Instances : Time (s): cpu = 00:00:17 ; elapsed = 00:00:17 . Memory (MB): peak = 2362.645 ; gain = 842.379 ; free physical = 5596 ; free virtual = 8587
---------------------------------------------------------------------------------
---------------------------------------------------------------------------------
Start Rebuilding User Hierarchy
---------------------------------------------------------------------------------
---------------------------------------------------------------------------------
Finished Rebuilding User Hierarchy : Time (s): cpu = 00:00:17 ; elapsed = 00:00:17 . Memory (MB): peak = 2362.645 ; gain = 842.379 ; free physical = 5596 ; free virtual = 8587
---------------------------------------------------------------------------------
---------------------------------------------------------------------------------
Start Renaming Generated Ports
---------------------------------------------------------------------------------
---------------------------------------------------------------------------------
Finished Renaming Generated Ports : Time (s): cpu = 00:00:17 ; elapsed = 00:00:17 . Memory (MB): peak = 2362.645 ; gain = 842.379 ; free physical = 5596 ; free virtual = 8587
---------------------------------------------------------------------------------
---------------------------------------------------------------------------------
Start Handling Custom Attributes
---------------------------------------------------------------------------------
---------------------------------------------------------------------------------
Finished Handling Custom Attributes : Time (s): cpu = 00:00:17 ; elapsed = 00:00:17 . Memory (MB): peak = 2362.645 ; gain = 842.379 ; free physical = 5596 ; free virtual = 8587
---------------------------------------------------------------------------------
---------------------------------------------------------------------------------
Start Renaming Generated Nets
---------------------------------------------------------------------------------
---------------------------------------------------------------------------------
Finished Renaming Generated Nets : Time (s): cpu = 00:00:17 ; elapsed = 00:00:17 . Memory (MB): peak = 2362.645 ; gain = 842.379 ; free physical = 5596 ; free virtual = 8587
---------------------------------------------------------------------------------
---------------------------------------------------------------------------------
Start Writing Synthesis Report
---------------------------------------------------------------------------------

Report BlackBoxes: 
+-+--------------+----------+
| |BlackBox name |Instances |
+-+--------------+----------+
+-+--------------+----------+

Report Cell Usage: 
+------+-----+------+
|      |Cell |Count |
+------+-----+------+
|1     |FDS  |     1|
+------+-----+------+
---------------------------------------------------------------------------------
Finished Writing Synthesis Report : Time (s): cpu = 00:00:17 ; elapsed = 00:00:17 . Memory (MB): peak = 2362.645 ; gain = 842.379 ; free physical = 5596 ; free virtual = 8587
---------------------------------------------------------------------------------
Synthesis finished with 0 errors, 0 critical warnings and 1 warnings.
Synthesis Optimization Runtime : Time (s): cpu = 00:00:15 ; elapsed = 00:00:16 . Memory (MB): peak = 2362.645 ; gain = 772.410 ; free physical = 5596 ; free virtual = 8587
Synthesis Optimization Complete : Time (s): cpu = 00:00:17 ; elapsed = 00:00:17 . Memory (MB): peak = 2362.652 ; gain = 842.379 ; free physical = 5596 ; free virtual = 8587
INFO: [Project 1-571] Translating synthesized netlist
Netlist sorting complete. Time (s): cpu = 00:00:00 ; elapsed = 00:00:00 . Memory (MB): peak = 2362.652 ; gain = 0.000 ; free physical = 5596 ; free virtual = 8587
INFO: [Netlist 29-17] Analyzing 1 Unisim elements for replacement
INFO: [Netlist 29-28] Unisim Transformation completed in 0 CPU seconds
INFO: [Project 1-570] Preparing netlist for logic optimization
INFO: [Opt 31-138] Pushed 0 inverter(s) to 0 load pin(s).
Netlist sorting complete. Time (s): cpu = 00:00:00 ; elapsed = 00:00:00 . Memory (MB): peak = 2362.652 ; gain = 0.000 ; free physical = 5763 ; free virtual = 8761
INFO: [Project 1-111] Unisim Transformation Summary:
  A total of 1 instances were transformed.
  FDS => FDSE: 1 instance 

Synth Design complete | Checksum: a721af81
INFO: [Common 17-83] Releasing license: Synthesis
25 Infos, 1 Warnings, 0 Critical Warnings and 0 Errors encountered.
synth_design completed successfully
synth_design: Time (s): cpu = 00:00:21 ; elapsed = 00:00:20 . Memory (MB): peak = 2362.652 ; gain = 896.922 ; free physical = 5763 ; free virtual = 8761
INFO: [Common 17-2834] synth_design peak Physical Memory [PSS] (MB): overall = 1714.275; main = 1714.275; forked = 310.227
INFO: [Common 17-2834] synth_design peak Virtual Memory [VSS] (MB): overall = 3056.219; main = 2362.648; forked = 942.398
INFO: [Common 17-1381] The checkpoint '/home/vid/Desktop/Projects/MicroBlaze-V_no_ram/MicroBlaze-V_no_ram.runs/microblaze_v_preset_dlmb_v10_2_synth_1/microblaze_v_preset_dlmb_v10_2.dcp' has been generated.
INFO: [Coretcl 2-1648] Added synthesis output to IP cache for IP microblaze_v_preset_dlmb_v10_2, cache-ID = 2435387c87fc2b8d
INFO: [Common 17-1381] The checkpoint '/home/vid/Desktop/Projects/MicroBlaze-V_no_ram/MicroBlaze-V_no_ram.runs/microblaze_v_preset_dlmb_v10_2_synth_1/microblaze_v_preset_dlmb_v10_2.dcp' has been generated.
INFO: [Vivado 12-24828] Executing command : report_utilization -file microblaze_v_preset_dlmb_v10_2_utilization_synth.rpt -pb microblaze_v_preset_dlmb_v10_2_utilization_synth.pb
INFO: [Common 17-206] Exiting Vivado at Fri May 23 15:56:36 2025...
